This is pdfTeX, Version 3.14159265-2.6-1.40.17 (MiKTeX 2.9.6210 64-bit) (preloaded format=pdflatex 2017.2.23)  24 FEB 2017 16:57
entering extended mode
**./Qualificacao_Lucas_Argentim.tex
(Qualificacao_Lucas_Argentim.tex
LaTeX2e <2017/01/01> patch level 1
Babel <3.9r> and hyphenation patterns for 75 language(s) loaded.
(fei.cls
Document Class: fei 2015/09/10 2.0 Modelo da FEI

("C:\Users\212396147\AppData\Local\Programs\MiKTeX 2.9\tex\latex\base\report.cl
s"
Document Class: report 2014/09/29 v1.4h Standard LaTeX document class

("C:\Users\212396147\AppData\Local\Programs\MiKTeX 2.9\tex\latex\base\size10.cl
o"
File: size10.clo 2014/09/29 v1.4h Standard LaTeX file (size option)
)
\c@part=\count79
\c@chapter=\count80
\c@section=\count81
\c@subsection=\count82
\c@subsubsection=\count83
\c@paragraph=\count84
\c@subparagraph=\count85
\c@figure=\count86
\c@table=\count87
\abovecaptionskip=\skip41
\belowcaptionskip=\skip42
\bibindent=\dimen102
)
("C:\Users\212396147\AppData\Local\Programs\MiKTeX 2.9\tex\latex\geometry\geome
try.sty"
Package: geometry 2010/09/12 v5.6 Page Geometry

("C:\Users\212396147\AppData\Local\Programs\MiKTeX 2.9\tex\latex\graphics\keyva
l.sty"
Package: keyval 2014/10/28 v1.15 key=value parser (DPC)
\KV@toks@=\toks14
)
("C:\Users\212396147\AppData\Local\Programs\MiKTeX 2.9\tex\generic\oberdiek\ifp
df.sty"
Package: ifpdf 2016/05/14 v3.1 Provides the ifpdf switch
)
("C:\Users\212396147\AppData\Local\Programs\MiKTeX 2.9\tex\generic\oberdiek\ifv
tex.sty"
Package: ifvtex 2016/05/16 v1.6 Detect VTeX and its facilities (HO)
Package ifvtex Info: VTeX not detected.
)
("C:\Users\212396147\AppData\Local\Programs\MiKTeX 2.9\tex\generic\ifxetex\ifxe
tex.sty"
Package: ifxetex 2010/09/12 v0.6 Provides ifxetex conditional
)
\Gm@cnth=\count88
\Gm@cntv=\count89
\c@Gm@tempcnt=\count90
\Gm@bindingoffset=\dimen103
\Gm@wd@mp=\dimen104
\Gm@odd@mp=\dimen105
\Gm@even@mp=\dimen106
\Gm@layoutwidth=\dimen107
\Gm@layoutheight=\dimen108
\Gm@layouthoffset=\dimen109
\Gm@layoutvoffset=\dimen110
\Gm@dimlist=\toks15

("C:\Users\212396147\AppData\Local\Programs\MiKTeX 2.9\tex\latex\geometry\geome
try.cfg"))
("C:\Users\212396147\AppData\Local\Programs\MiKTeX 2.9\tex\latex\fancyhdr\fancy
hdr.sty"
Package: fancyhdr 2016/09/06 3.8 Extensive control of page headers and footers
\fancy@headwidth=\skip43
\f@ncyO@elh=\skip44
\f@ncyO@erh=\skip45
\f@ncyO@olh=\skip46
\f@ncyO@orh=\skip47
\f@ncyO@elf=\skip48
\f@ncyO@erf=\skip49
\f@ncyO@olf=\skip50
\f@ncyO@orf=\skip51
)

Package Fancyhdr Warning: \fancyhead's `E' option without twoside option is use
less on input line 84.


("C:\Users\212396147\AppData\Local\Programs\MiKTeX 2.9\tex\generic\babel\babel.
sty"
Package: babel 2016/04/23 3.9r The Babel package

*************************************
* Local config file bblopts.cfg used
*

("C:\Users\212396147\AppData\Local\Programs\MiKTeX 2.9\tex\latex\arabi\bblopts.
cfg"
File: bblopts.cfg 2005/09/08 v0.1 add Arabic and Farsi to "declared" options of
 babel
)
("C:\Users\212396147\AppData\Local\Programs\MiKTeX 2.9\tex\latex\babel-english\
english.ldf"
Language: english 2017/01/24 v3.3q English support from the babel system

("C:\Users\212396147\AppData\Local\Programs\MiKTeX 2.9\tex\generic\babel\babel.
def"
File: babel.def 2016/04/23 3.9r Babel common definitions
\babel@savecnt=\count91
\U@D=\dimen111
)
\l@canadian = a dialect from \language\l@american 
\l@australian = a dialect from \language\l@british 
\l@newzealand = a dialect from \language\l@british 
)
("C:\Users\212396147\AppData\Local\Programs\MiKTeX 2.9\tex\latex\babel-portuges
\portuges.ldf"
Language: portuges 2008/03/18 v1.2q Portuguese support from the babel system
Package babel Info: Making " an active character on input line 145.
))
("C:\Users\212396147\AppData\Local\Programs\MiKTeX 2.9\tex\latex\base\fontenc.s
ty"
Package: fontenc 2017/01/24 v2.0c Standard LaTeX package

("C:\Users\212396147\AppData\Local\Programs\MiKTeX 2.9\tex\latex\base\t1enc.def
"
File: t1enc.def 2017/01/24 v2.0c Standard LaTeX file
LaTeX Font Info:    Redeclaring font encoding T1 on input line 48.
))
("C:\Users\212396147\AppData\Local\Programs\MiKTeX 2.9\tex\latex\setspace\setsp
ace.sty"
Package: setspace 2011/12/19 v6.7a set line spacing
)
("C:\Users\212396147\AppData\Local\Programs\MiKTeX 2.9\tex\latex\caption\captio
n.sty"
Package: caption 2016/02/21 v3.3-144 Customizing captions (AR)

("C:\Users\212396147\AppData\Local\Programs\MiKTeX 2.9\tex\latex\caption\captio
n3.sty"
Package: caption3 2016/05/22 v1.7-166 caption3 kernel (AR)
Package caption3 Info: TeX engine: e-TeX on input line 67.
\captionmargin=\dimen112
\captionmargin@=\dimen113
\captionwidth=\dimen114
\caption@tempdima=\dimen115
\caption@indent=\dimen116
\caption@parindent=\dimen117
\caption@hangindent=\dimen118
)
\c@ContinuedFloat=\count92
)
("C:\Users\212396147\AppData\Local\Programs\MiKTeX 2.9\tex\latex\mathtools\math
tools.sty"
Package: mathtools 2015/11/12 v1.18 mathematical typesetting tools

("C:\Users\212396147\AppData\Local\Programs\MiKTeX 2.9\tex\latex\tools\calc.sty
"
Package: calc 2014/10/28 v4.3 Infix arithmetic (KKT,FJ)
\calc@Acount=\count93
\calc@Bcount=\count94
\calc@Adimen=\dimen119
\calc@Bdimen=\dimen120
\calc@Askip=\skip52
\calc@Bskip=\skip53
LaTeX Info: Redefining \setlength on input line 80.
LaTeX Info: Redefining \addtolength on input line 81.
\calc@Ccount=\count95
\calc@Cskip=\skip54
)
("C:\Users\212396147\AppData\Local\Programs\MiKTeX 2.9\tex\latex\mathtools\mhse
tup.sty"
Package: mhsetup 2010/01/21 v1.2a programming setup (MH)
)
("C:\Users\212396147\AppData\Local\Programs\MiKTeX 2.9\tex\latex\amsmath\amsmat
h.sty"
Package: amsmath 2016/11/05 v2.16a AMS math features
\@mathmargin=\skip55

For additional information on amsmath, use the `?' option.

("C:\Users\212396147\AppData\Local\Programs\MiKTeX 2.9\tex\latex\amsmath\amstex
t.sty"
Package: amstext 2000/06/29 v2.01 AMS text

("C:\Users\212396147\AppData\Local\Programs\MiKTeX 2.9\tex\latex\amsmath\amsgen
.sty"
File: amsgen.sty 1999/11/30 v2.0 generic functions
\@emptytoks=\toks16
\ex@=\dimen121
))
("C:\Users\212396147\AppData\Local\Programs\MiKTeX 2.9\tex\latex\amsmath\amsbsy
.sty"
Package: amsbsy 1999/11/29 v1.2d Bold Symbols
\pmbraise@=\dimen122
)
("C:\Users\212396147\AppData\Local\Programs\MiKTeX 2.9\tex\latex\amsmath\amsopn
.sty"
Package: amsopn 2016/03/08 v2.02 operator names
)
\inf@bad=\count96
LaTeX Info: Redefining \frac on input line 213.
\uproot@=\count97
\leftroot@=\count98
LaTeX Info: Redefining \overline on input line 375.
\classnum@=\count99
\DOTSCASE@=\count100
LaTeX Info: Redefining \ldots on input line 472.
LaTeX Info: Redefining \dots on input line 475.
LaTeX Info: Redefining \cdots on input line 596.
\Mathstrutbox@=\box26
\strutbox@=\box27
\big@size=\dimen123
LaTeX Font Info:    Redeclaring font encoding OML on input line 712.
LaTeX Font Info:    Redeclaring font encoding OMS on input line 713.
\macc@depth=\count101
\c@MaxMatrixCols=\count102
\dotsspace@=\muskip10
\c@parentequation=\count103
\dspbrk@lvl=\count104
\tag@help=\toks17
\row@=\count105
\column@=\count106
\maxfields@=\count107
\andhelp@=\toks18
\eqnshift@=\dimen124
\alignsep@=\dimen125
\tagshift@=\dimen126
\tagwidth@=\dimen127
\totwidth@=\dimen128
\lineht@=\dimen129
\@envbody=\toks19
\multlinegap=\skip56
\multlinetaggap=\skip57
\mathdisplay@stack=\toks20
LaTeX Info: Redefining \[ on input line 2817.
LaTeX Info: Redefining \] on input line 2818.
)
LaTeX Info: Thecontrolsequence`\('isalreadyrobust on input line 129.
LaTeX Info: Thecontrolsequence`\)'isalreadyrobust on input line 129.
LaTeX Info: Thecontrolsequence`\['isalreadyrobust on input line 129.
LaTeX Info: Thecontrolsequence`\]'isalreadyrobust on input line 129.
\g_MT_multlinerow_int=\count108
\l_MT_multwidth_dim=\dimen130
\origjot=\skip58
\l_MT_shortvdotswithinadjustabove_dim=\dimen131
\l_MT_shortvdotswithinadjustbelow_dim=\dimen132
\l_MT_above_intertext_sep=\dimen133
\l_MT_below_intertext_sep=\dimen134
\l_MT_above_shortintertext_sep=\dimen135
\l_MT_below_shortintertext_sep=\dimen136
)
("C:\Users\212396147\AppData\Local\Programs\MiKTeX 2.9\tex\latex\lm\lmodern.sty
"
Package: lmodern 2009/10/30 v1.6 Latin Modern Fonts
LaTeX Font Info:    Overwriting symbol font `operators' in version `normal'
(Font)                  OT1/cmr/m/n --> OT1/lmr/m/n on input line 22.
LaTeX Font Info:    Overwriting symbol font `letters' in version `normal'
(Font)                  OML/cmm/m/it --> OML/lmm/m/it on input line 23.
LaTeX Font Info:    Overwriting symbol font `symbols' in version `normal'
(Font)                  OMS/cmsy/m/n --> OMS/lmsy/m/n on input line 24.
LaTeX Font Info:    Overwriting symbol font `largesymbols' in version `normal'
(Font)                  OMX/cmex/m/n --> OMX/lmex/m/n on input line 25.
LaTeX Font Info:    Overwriting symbol font `operators' in version `bold'
(Font)                  OT1/cmr/bx/n --> OT1/lmr/bx/n on input line 26.
LaTeX Font Info:    Overwriting symbol font `letters' in version `bold'
(Font)                  OML/cmm/b/it --> OML/lmm/b/it on input line 27.
LaTeX Font Info:    Overwriting symbol font `symbols' in version `bold'
(Font)                  OMS/cmsy/b/n --> OMS/lmsy/b/n on input line 28.
LaTeX Font Info:    Overwriting symbol font `largesymbols' in version `bold'
(Font)                  OMX/cmex/m/n --> OMX/lmex/m/n on input line 29.
LaTeX Font Info:    Overwriting math alphabet `\mathbf' in version `normal'
(Font)                  OT1/cmr/bx/n --> OT1/lmr/bx/n on input line 31.
LaTeX Font Info:    Overwriting math alphabet `\mathsf' in version `normal'
(Font)                  OT1/cmss/m/n --> OT1/lmss/m/n on input line 32.
LaTeX Font Info:    Overwriting math alphabet `\mathit' in version `normal'
(Font)                  OT1/cmr/m/it --> OT1/lmr/m/it on input line 33.
LaTeX Font Info:    Overwriting math alphabet `\mathtt' in version `normal'
(Font)                  OT1/cmtt/m/n --> OT1/lmtt/m/n on input line 34.
LaTeX Font Info:    Overwriting math alphabet `\mathbf' in version `bold'
(Font)                  OT1/cmr/bx/n --> OT1/lmr/bx/n on input line 35.
LaTeX Font Info:    Overwriting math alphabet `\mathsf' in version `bold'
(Font)                  OT1/cmss/bx/n --> OT1/lmss/bx/n on input line 36.
LaTeX Font Info:    Overwriting math alphabet `\mathit' in version `bold'
(Font)                  OT1/cmr/bx/it --> OT1/lmr/bx/it on input line 37.
LaTeX Font Info:    Overwriting math alphabet `\mathtt' in version `bold'
(Font)                  OT1/cmtt/m/n --> OT1/lmtt/m/n on input line 38.
)
("C:\Users\212396147\AppData\Local\Programs\MiKTeX 2.9\tex\latex\was\icomma.sty
"
Package: icomma 2002/03/10 v2.0 (WaS)
)
("C:\Users\212396147\AppData\Local\Programs\MiKTeX 2.9\tex\latex\psnfss\times.s
ty"
Package: times 2005/04/12 PSNFSS-v9.2a (SPQR) 
)
("C:\Users\212396147\AppData\Local\Programs\MiKTeX 2.9\tex\latex\graphics\graph
icx.sty"
Package: graphicx 2014/10/28 v1.0g Enhanced LaTeX Graphics (DPC,SPQR)

("C:\Users\212396147\AppData\Local\Programs\MiKTeX 2.9\tex\latex\graphics\graph
ics.sty"
Package: graphics 2016/10/09 v1.0u Standard LaTeX Graphics (DPC,SPQR)

("C:\Users\212396147\AppData\Local\Programs\MiKTeX 2.9\tex\latex\graphics\trig.
sty"
Package: trig 2016/01/03 v1.10 sin cos tan (DPC)
)
("C:\Users\212396147\AppData\Local\Programs\MiKTeX 2.9\tex\latex\graphics-cfg\g
raphics.cfg"
File: graphics.cfg 2016/06/04 v1.11 sample graphics configuration
)
Package graphics Info: Driver file: pdftex.def on input line 99.

("C:\Users\212396147\AppData\Local\Programs\MiKTeX 2.9\tex\latex\graphics-def\p
dftex.def"
File: pdftex.def 2017/01/12 v0.06k Graphics/color for pdfTeX

("C:\Users\212396147\AppData\Local\Programs\MiKTeX 2.9\tex\generic\oberdiek\inf
warerr.sty"
Package: infwarerr 2016/05/16 v1.4 Providing info/warning/error messages (HO)
)
("C:\Users\212396147\AppData\Local\Programs\MiKTeX 2.9\tex\generic\oberdiek\ltx
cmds.sty"
Package: ltxcmds 2016/05/16 v1.23 LaTeX kernel commands for general use (HO)
)
\Gread@gobject=\count109
))
\Gin@req@height=\dimen137
\Gin@req@width=\dimen138
)
("C:\Users\212396147\AppData\Local\Programs\MiKTeX 2.9\tex\latex\morewrites\mor
ewrites.sty"
("C:\Users\212396147\AppData\Local\Programs\MiKTeX 2.9\tex\latex\l3kernel\expl3
.sty"
Package: expl3 2017/02/10 v6878 L3 programming layer (loader) 

("C:\Users\212396147\AppData\Local\Programs\MiKTeX 2.9\tex\latex\l3kernel\expl3
-code.tex"
Package: expl3 2017/02/10 v6878 L3 programming layer (code)
L3 Module: l3bootstrap 2016/12/28 v6805 L3 Bootstrap code
L3 Module: l3names 2016/12/28 v6805 L3 Namespace for primitives
L3 Module: l3basics 2016/12/28 v6805 L3 Basic definitions
L3 Module: l3expan 2016/12/28 v6805 L3 Argument expansion
L3 Module: l3tl 2017/02/06 v6842 L3 Token lists
L3 Module: l3str 2017/01/01 v6809 L3 Strings
L3 Module: l3seq 2017/02/06 v6842 L3 Sequences and stacks
L3 Module: l3int 2016/12/28 v6805 L3 Integers
\c_max_int=\count110
\l_tmpa_int=\count111
\l_tmpb_int=\count112
\g_tmpa_int=\count113
\g_tmpb_int=\count114
L3 Module: l3quark 2016/12/28 v6805 L3 Quarks
L3 Module: l3prg 2017/01/01 v6811 L3 Control structures
\g__prg_map_int=\count115
L3 Module: l3clist 2017/02/06 v6842 L3 Comma separated lists
L3 Module: l3token 2016/12/28 v6805 L3 Experimental token manipulation
L3 Module: l3prop 2016/12/28 v6805 L3 Property lists
L3 Module: l3msg 2016/12/28 v6805 L3 Messages
L3 Module: l3file 2016/12/28 v6805 L3 File and I/O operations
\l_iow_line_count_int=\count116
\l__iow_target_count_int=\count117
\l__iow_current_line_int=\count118
\l__iow_current_word_int=\count119
\l__iow_current_indentation_int=\count120
L3 Module: l3skip 2017/01/01 v6809 L3 Dimensions and skips
\c_zero_dim=\dimen139
\c_max_dim=\dimen140
\l_tmpa_dim=\dimen141
\l_tmpb_dim=\dimen142
\g_tmpa_dim=\dimen143
\g_tmpb_dim=\dimen144
\c_zero_skip=\skip59
\c_max_skip=\skip60
\l_tmpa_skip=\skip61
\l_tmpb_skip=\skip62
\g_tmpa_skip=\skip63
\g_tmpb_skip=\skip64
\c_zero_muskip=\muskip11
\c_max_muskip=\muskip12
\l_tmpa_muskip=\muskip13
\l_tmpb_muskip=\muskip14
\g_tmpa_muskip=\muskip15
\g_tmpb_muskip=\muskip16
L3 Module: l3keys 2017/01/01 v6811 L3 Key-value interfaces
\l_keys_choice_int=\count121
L3 Module: l3fp 2016/12/28 v6805 L3 Floating points
\c__fp_leading_shift_int=\count122
\c__fp_middle_shift_int=\count123
\c__fp_trailing_shift_int=\count124
\c__fp_big_leading_shift_int=\count125
\c__fp_big_middle_shift_int=\count126
\c__fp_big_trailing_shift_int=\count127
\c__fp_Bigg_leading_shift_int=\count128
\c__fp_Bigg_middle_shift_int=\count129
\c__fp_Bigg_trailing_shift_int=\count130
\c__fp_rand_size_int=\count131
\c__fp_rand_four_int=\count132
\c__fp_rand_eight_int=\count133
L3 Module: l3sort 2017/02/07 v6847 L3 Sorting functions
\l__sort_length_int=\count134
\l__sort_min_int=\count135
\l__sort_top_int=\count136
\l__sort_max_int=\count137
\l__sort_true_max_int=\count138
\l__sort_block_int=\count139
\l__sort_begin_int=\count140
\l__sort_end_int=\count141
\l__sort_A_int=\count142
\l__sort_B_int=\count143
\l__sort_C_int=\count144
L3 Module: l3box 2016/12/28 v6805 L3 Experimental boxes
\c_empty_box=\box28
\l_tmpa_box=\box29
\l_tmpb_box=\box30
\g_tmpa_box=\box31
\g_tmpb_box=\box32
L3 Module: l3coffins 2016/12/28 v6805 L3 Coffin code layer
\l__coffin_internal_box=\box33
\l__coffin_internal_dim=\dimen145
\l__coffin_offset_x_dim=\dimen146
\l__coffin_offset_y_dim=\dimen147
\l__coffin_x_dim=\dimen148
\l__coffin_y_dim=\dimen149
\l__coffin_x_prime_dim=\dimen150
\l__coffin_y_prime_dim=\dimen151
\c_empty_coffin=\box34
\l__coffin_aligned_coffin=\box35
\l__coffin_aligned_internal_coffin=\box36
\l_tmpa_coffin=\box37
\l_tmpb_coffin=\box38
\l__coffin_display_coffin=\box39
\l__coffin_display_coord_coffin=\box40
\l__coffin_display_pole_coffin=\box41
\l__coffin_display_offset_dim=\dimen152
\l__coffin_display_x_dim=\dimen153
\l__coffin_display_y_dim=\dimen154
L3 Module: l3color 2016/12/28 v6805 L3 Experimental color support
L3 Module: l3sys 2017/01/01 v6811 L3 Experimental system/runtime functions
L3 Module: l3candidates 2017/01/30 v6835 L3 Experimental additions to l3kernel
\l__box_top_dim=\dimen155
\l__box_bottom_dim=\dimen156
\l__box_left_dim=\dimen157
\l__box_right_dim=\dimen158
\l__box_top_new_dim=\dimen159
\l__box_bottom_new_dim=\dimen160
\l__box_left_new_dim=\dimen161
\l__box_right_new_dim=\dimen162
\l__box_internal_box=\box42
\l__coffin_bounding_shift_dim=\dimen163
\l__coffin_left_corner_dim=\dimen164
\l__coffin_right_corner_dim=\dimen165
\l__coffin_bottom_corner_dim=\dimen166
\l__coffin_top_corner_dim=\dimen167
\l__coffin_scaled_total_height_dim=\dimen168
\l__coffin_scaled_width_dim=\dimen169
L3 Module: l3luatex 2016/12/28 v6805 L3 Experimental LuaTeX-specific functions
)
("C:\Users\212396147\AppData\Local\Programs\MiKTeX 2.9\tex\latex\l3kernel\l3pdf
mode.def"
File: l3pdfmode.def 2016/12/28 v6805 L3 Experimental driver: PDF mode
\l__driver_color_stack_int=\count145
\l__driver_tmp_box=\box43
))
("C:\Users\212396147\AppData\Local\Programs\MiKTeX 2.9\tex\latex\morewrites\pri
margs.sty"
Package: primargs 2013/01/08 v0.2e Parsing arguments of primitives
)
Package: morewrites 2013/01/08 v0.2e Always room for a new write
\g__morewrites_late_write_int=\count146
\g__morewrites_iow=\write3
\g__morewrites_ior=\read1
\g__morewrites_stream_int=\count147

("C:\Users\212396147\AppData\Local\Programs\MiKTeX 2.9\tex\generic\oberdiek\atb
egshi.sty"
Package: atbegshi 2016/06/09 v1.18 At begin shipout hook (HO)
)
\g__morewrites_at_end_int=\count148
)
("C:\Users\212396147\AppData\Local\Programs\MiKTeX 2.9\tex\latex\algorithm2e\al
gorithm2e.sty"
Package: algorithm2e 2013/01/06 v5.00 algorithms environments
\c@AlgoLine=\count149

("C:\Users\212396147\AppData\Local\Programs\MiKTeX 2.9\tex\latex\base\ifthen.st
y"
Package: ifthen 2014/09/29 v1.1c Standard LaTeX ifthen package (DPC)
)
\algocf@hangindent=\skip65

("C:\Users\212396147\AppData\Local\Programs\MiKTeX 2.9\tex\latex\tools\xspace.s
ty"
Package: xspace 2014/10/28 v1.13 Space after command names (DPC,MH)
)
("C:\Users\212396147\AppData\Local\Programs\MiKTeX 2.9\tex\latex\ltxmisc\relsiz
e.sty"
Package: relsize 2003/07/04 ver 3.1


Package relsize Warning: Failed to get list of font sizes.
(relsize)                Falling back to old definition. on input line 81.

)
********************************************************
Package `algorithm2e' Release 5.1 -- october 19 2015 --
- algorithm2e-announce@lirmm.fr mailing list for announcement about releases
- algorithm2e-discussion@lirmm.fr mailing list for discussion about package
subscribe by emailing sympa@lirmm.fr with 'subscribe <list> <firstname name>'
- Author: Christophe Fiorio (christophe.fiorio@umontpellier.fr)
********************************************************
\skiptotal=\skip66
\skiplinenumber=\skip67
\skiprule=\skip68
\skiphlne=\skip69
\skiptext=\skip70
\skiplength=\skip71
\algomargin=\skip72
\skipalgocfslide=\skip73
\algowidth=\dimen170
\inoutsize=\dimen171
\inoutindent=\dimen172
\interspacetitleruled=\dimen173
\interspacealgoruled=\dimen174
\interspacetitleboxruled=\dimen175
\algocf@ruledwidth=\skip74
\algocf@inoutbox=\box44
\algocf@inputbox=\box45
\AlCapSkip=\skip75
\AlCapHSkip=\skip76
\algoskipindent=\skip77
\algocf@nlbox=\box46
\algocf@hangingbox=\box47
\algocf@untilbox=\box48
\algocf@skipuntil=\skip78
\algocf@capbox=\box49
\algoheightruledefault=\skip79
\algoheightrule=\skip80
\algotitleheightruledefault=\skip81
\algotitleheightrule=\skip82
\c@algocfline=\count150
\c@algocfproc=\count151
\c@algocf=\count152
\algocf@algoframe=\box50
\algocf@algobox=\box51
)
("C:\Users\212396147\AppData\Local\Programs\MiKTeX 2.9\tex\latex\amscls\amsthm.
sty"
Package: amsthm 2015/03/04 v2.20.2
\thm@style=\toks21
\thm@bodyfont=\toks22
\thm@headfont=\toks23
\thm@notefont=\toks24
\thm@headpunct=\toks25
\thm@preskip=\skip83
\thm@postskip=\skip84
\thm@headsep=\skip85
\dth@everypar=\toks26
)
("C:\Users\212396147\AppData\Local\Programs\MiKTeX 2.9\tex\latex\thmtools\thmto
ols.sty"
Package: thmtools 2014/04/21 v66
\thmt@toks=\toks27
\c@thmt@dummyctr=\count153

("C:\Users\212396147\AppData\Local\Programs\MiKTeX 2.9\tex\latex\thmtools\thm-p
atch.sty"
Package: thm-patch 2014/04/21 v66

("C:\Users\212396147\AppData\Local\Programs\MiKTeX 2.9\tex\latex\thmtools\parse
args.sty"
Package: parseargs 2014/04/21 v66
\@parsespec=\toks28
))
("C:\Users\212396147\AppData\Local\Programs\MiKTeX 2.9\tex\latex\thmtools\thm-k
v.sty"
Package: thm-kv 2014/04/21 v66
Package thm-kv Info: Theorem names will be uppercased on input line 40.

("C:\Users\212396147\AppData\Local\Programs\MiKTeX 2.9\tex\generic\oberdiek\kvs
etkeys.sty"
Package: kvsetkeys 2016/05/16 v1.17 Key value parser (HO)

("C:\Users\212396147\AppData\Local\Programs\MiKTeX 2.9\tex\generic\oberdiek\ete
xcmds.sty"
Package: etexcmds 2016/05/16 v1.6 Avoid name clashes with e-TeX commands (HO)

("C:\Users\212396147\AppData\Local\Programs\MiKTeX 2.9\tex\generic\oberdiek\ifl
uatex.sty"
Package: ifluatex 2016/05/16 v1.4 Provides the ifluatex switch (HO)
Package ifluatex Info: LuaTeX not detected.
)
Package etexcmds Info: Could not find \expanded.
(etexcmds)             That can mean that you are not using pdfTeX 1.50 or
(etexcmds)             that some package has redefined \expanded.
(etexcmds)             In the latter case, load this package earlier.
))
Package thm-kv Info: kvsetkeys patch (v1.16 or later) on input line 156.
)
("C:\Users\212396147\AppData\Local\Programs\MiKTeX 2.9\tex\latex\thmtools\thm-a
utoref.sty"
Package: thm-autoref 2014/04/21 v66

("C:\Users\212396147\AppData\Local\Programs\MiKTeX 2.9\tex\latex\thmtools\alias
ctr.sty"
Package: aliasctr 2014/04/21 v66

("C:\Users\212396147\AppData\Local\Programs\MiKTeX 2.9\tex\latex\carlisle\remre
set.sty")))
("C:\Users\212396147\AppData\Local\Programs\MiKTeX 2.9\tex\latex\thmtools\thm-l
istof.sty"
Package: thm-listof 2014/04/21 v66
)
("C:\Users\212396147\AppData\Local\Programs\MiKTeX 2.9\tex\latex\thmtools\thm-r
estate.sty"
Package: thm-restate 2014/04/21 v66
)
("C:\Users\212396147\AppData\Local\Programs\MiKTeX 2.9\tex\latex\thmtools\thm-a
msthm.sty"
Package: thm-amsthm 2014/04/21 v66
\thmt@style@headstyle=\toks29
))
\c@axioma=\count154
\c@teorema=\count155
\c@lema=\count156
\c@hipotese=\count157
\c@proposicao=\count158
\c@conjectura=\count159
\c@paradoxo=\count160
\c@corolario=\count161
\c@definicao=\count162
\c@exemplo=\count163

("C:\Users\212396147\AppData\Local\Programs\MiKTeX 2.9\tex\latex\chngcntr\chngc
ntr.sty"
Package: chngcntr 2009/09/02 v1.0a change counter resetting
)
("C:\Users\212396147\AppData\Local\Programs\MiKTeX 2.9\tex\latex\enumitem\enumi
tem.sty"
Package: enumitem 2011/09/28 v3.5.2 Customized lists
\labelindent=\skip86
\enit@outerparindent=\dimen176
\enit@toks=\toks30
\enit@inbox=\box52
\enitdp@description=\count164
)
("C:\Users\212396147\AppData\Local\Programs\MiKTeX 2.9\tex\latex\tocloft\toclof
t.sty"
Package: tocloft 2013/05/02 v2.3f parameterised ToC, etc., typesetting
Package tocloft Info: The document has chapter divisions on input line 44.
\cftparskip=\skip87
\cftbeforetoctitleskip=\skip88
\cftaftertoctitleskip=\skip89
\cftbeforepartskip=\skip90
\cftpartnumwidth=\skip91
\cftpartindent=\skip92
\cftbeforechapskip=\skip93
\cftchapindent=\skip94
\cftchapnumwidth=\skip95
\cftbeforesecskip=\skip96
\cftsecindent=\skip97
\cftsecnumwidth=\skip98
\cftbeforesubsecskip=\skip99
\cftsubsecindent=\skip100
\cftsubsecnumwidth=\skip101
\cftbeforesubsubsecskip=\skip102
\cftsubsubsecindent=\skip103
\cftsubsubsecnumwidth=\skip104
\cftbeforeparaskip=\skip105
\cftparaindent=\skip106
\cftparanumwidth=\skip107
\cftbeforesubparaskip=\skip108
\cftsubparaindent=\skip109
\cftsubparanumwidth=\skip110
\cftbeforeloftitleskip=\skip111
\cftafterloftitleskip=\skip112
\cftbeforefigskip=\skip113
\cftfigindent=\skip114
\cftfignumwidth=\skip115
\c@lofdepth=\count165
\c@lotdepth=\count166
\cftbeforelottitleskip=\skip116
\cftafterlottitleskip=\skip117
\cftbeforetabskip=\skip118
\cfttabindent=\skip119
\cfttabnumwidth=\skip120
)
("C:\Users\212396147\AppData\Local\Programs\MiKTeX 2.9\tex\latex\pdfpages\pdfpa
ges.sty"
Package: pdfpages 2017/01/14 v0.5h Insert pages of external PDF documents (AM)

("C:\Users\212396147\AppData\Local\Programs\MiKTeX 2.9\tex\latex\eso-pic\eso-pi
c.sty"
Package: eso-pic 2015/07/21 v2.0g eso-pic (RN)

("C:\Users\212396147\AppData\Local\Programs\MiKTeX 2.9\tex\latex\xcolor\xcolor.
sty"
Package: xcolor 2016/05/11 v2.12 LaTeX color extensions (UK)

("C:\Users\212396147\AppData\Local\Programs\MiKTeX 2.9\tex\latex\graphics-cfg\c
olor.cfg"
File: color.cfg 2016/01/02 v1.6 sample color configuration
)
Package xcolor Info: Driver file: pdftex.def on input line 225.
Package xcolor Info: Model `cmy' substituted by `cmy0' on input line 1348.
Package xcolor Info: Model `hsb' substituted by `rgb' on input line 1352.
Package xcolor Info: Model `RGB' extended on input line 1364.
Package xcolor Info: Model `HTML' substituted by `rgb' on input line 1366.
Package xcolor Info: Model `Hsb' substituted by `hsb' on input line 1367.
Package xcolor Info: Model `tHsb' substituted by `hsb' on input line 1368.
Package xcolor Info: Model `HSB' substituted by `hsb' on input line 1369.
Package xcolor Info: Model `Gray' substituted by `gray' on input line 1370.
Package xcolor Info: Model `wave' substituted by `hsb' on input line 1371.
))
\AM@pagewidth=\dimen177
\AM@pageheight=\dimen178

("C:\Users\212396147\AppData\Local\Programs\MiKTeX 2.9\tex\latex\pdfpages\pppdf
tex.def"
File: pppdftex.def 2017/01/14 v0.5h Pdfpages driver for pdfTeX (AM)
)
\AM@pagebox=\box53
\AM@global@opts=\toks31
\AM@toc@title=\toks32
\c@AM@survey=\count167
\AM@templatesizebox=\box54
)
("C:\Users\212396147\AppData\Local\Programs\MiKTeX 2.9\tex\latex\imakeidx\imake
idx.sty"
Package: imakeidx 2016/10/15 v1.3e Package for typesetting indices in a synchro
nous mode

("C:\Users\212396147\AppData\Local\Programs\MiKTeX 2.9\tex\latex\xkeyval\xkeyva
l.sty"
Package: xkeyval 2014/12/03 v2.7a package option processing (HA)

("C:\Users\212396147\AppData\Local\Programs\MiKTeX 2.9\tex\generic\xkeyval\xkey
val.tex"
("C:\Users\212396147\AppData\Local\Programs\MiKTeX 2.9\tex\generic\xkeyval\xkvu
tils.tex"
\XKV@toks=\toks33
\XKV@tempa@toks=\toks34
)
\XKV@depth=\count168
File: xkeyval.tex 2014/12/03 v2.7a key=value parser (HA)
))
("C:\Users\212396147\AppData\Local\Programs\MiKTeX 2.9\tex\latex\tools\multicol
.sty"
Package: multicol 2016/04/07 v1.8p multicolumn formatting (FMi)
\c@tracingmulticols=\count169
\mult@box=\box55
\multicol@leftmargin=\dimen179
\c@unbalance=\count170
\c@collectmore=\count171
\doublecol@number=\count172
\multicoltolerance=\count173
\multicolpretolerance=\count174
\full@width=\dimen180
\page@free=\dimen181
\premulticols=\dimen182
\postmulticols=\dimen183
\multicolsep=\skip121
\multicolbaselineskip=\skip122
\partial@page=\box56
\last@line=\box57
\maxbalancingoverflow=\dimen184
\mult@rightbox=\box58
\mult@grightbox=\box59
\mult@gfirstbox=\box60
\mult@firstbox=\box61
\@tempa=\box62
\@tempa=\box63
\@tempa=\box64
\@tempa=\box65
\@tempa=\box66
\@tempa=\box67
\@tempa=\box68
\@tempa=\box69
\@tempa=\box70
\@tempa=\box71
\@tempa=\box72
\@tempa=\box73
\@tempa=\box74
\@tempa=\box75
\@tempa=\box76
\@tempa=\box77
\@tempa=\box78
\c@columnbadness=\count175
\c@finalcolumnbadness=\count176
\last@try=\dimen185
\multicolovershoot=\dimen186
\multicolundershoot=\dimen187
\mult@nat@firstbox=\box79
\colbreak@box=\box80
\mc@col@check@num=\count177
))
("C:\Users\212396147\AppData\Local\Programs\MiKTeX 2.9\tex\latex\hyperref\hyper
ref.sty"
Package: hyperref 2016/06/24 v6.83q Hypertext links for LaTeX

("C:\Users\212396147\AppData\Local\Programs\MiKTeX 2.9\tex\generic\oberdiek\hob
sub-hyperref.sty"
Package: hobsub-hyperref 2016/05/16 v1.14 Bundle oberdiek, subset hyperref (HO)


("C:\Users\212396147\AppData\Local\Programs\MiKTeX 2.9\tex\generic\oberdiek\hob
sub-generic.sty"
Package: hobsub-generic 2016/05/16 v1.14 Bundle oberdiek, subset generic (HO)
Package: hobsub 2016/05/16 v1.14 Construct package bundles (HO)
Package hobsub Info: Skipping package `infwarerr' (already loaded).
Package hobsub Info: Skipping package `ltxcmds' (already loaded).
Package hobsub Info: Skipping package `ifluatex' (already loaded).
Package hobsub Info: Skipping package `ifvtex' (already loaded).
Package: intcalc 2016/05/16 v1.2 Expandable calculations with integers (HO)
Package hobsub Info: Skipping package `ifpdf' (already loaded).
Package hobsub Info: Skipping package `etexcmds' (already loaded).
Package hobsub Info: Skipping package `kvsetkeys' (already loaded).
Package: kvdefinekeys 2016/05/16 v1.4 Define keys (HO)
Package: pdftexcmds 2016/05/21 v0.22 Utility functions of pdfTeX for LuaTeX (HO
)
Package pdftexcmds Info: LuaTeX not detected.
Package pdftexcmds Info: \pdf@primitive is available.
Package pdftexcmds Info: \pdf@ifprimitive is available.
Package pdftexcmds Info: \pdfdraftmode found.
Package: pdfescape 2016/05/16 v1.14 Implements pdfTeX's escape features (HO)
Package: bigintcalc 2016/05/16 v1.4 Expandable calculations on big integers (HO
)
Package: bitset 2016/05/16 v1.2 Handle bit-vector datatype (HO)
Package: uniquecounter 2016/05/16 v1.3 Provide unlimited unique counter (HO)
)
Package hobsub Info: Skipping package `hobsub' (already loaded).
Package: letltxmacro 2016/05/16 v1.5 Let assignment for LaTeX macros (HO)
Package: hopatch 2016/05/16 v1.3 Wrapper for package hooks (HO)
Package: xcolor-patch 2016/05/16 xcolor patch
Package: atveryend 2016/05/16 v1.9 Hooks at the very end of document (HO)
Package atveryend Info: \enddocument detected (standard20110627).
Package hobsub Info: Skipping package `atbegshi' (already loaded).
Package: refcount 2016/05/16 v3.5 Data extraction from label references (HO)
Package: hycolor 2016/05/16 v1.8 Color options for hyperref/bookmark (HO)
)
("C:\Users\212396147\AppData\Local\Programs\MiKTeX 2.9\tex\latex\oberdiek\auxho
ok.sty"
Package: auxhook 2016/05/16 v1.4 Hooks for auxiliary files (HO)
)
("C:\Users\212396147\AppData\Local\Programs\MiKTeX 2.9\tex\latex\oberdiek\kvopt
ions.sty"
Package: kvoptions 2016/05/16 v3.12 Key value format for package options (HO)
)
\@linkdim=\dimen188
\Hy@linkcounter=\count178
\Hy@pagecounter=\count179

("C:\Users\212396147\AppData\Local\Programs\MiKTeX 2.9\tex\latex\hyperref\pd1en
c.def"
File: pd1enc.def 2016/06/24 v6.83q Hyperref: PDFDocEncoding definition (HO)
)
\Hy@SavedSpaceFactor=\count180

("C:\Users\212396147\AppData\Local\Programs\MiKTeX 2.9\tex\latex\00miktex\hyper
ref.cfg"
File: hyperref.cfg 2002/06/06 v1.2 hyperref configuration of TeXLive
)
Package hyperref Info: Option `colorlinks' set `false' on input line 4362.
Package hyperref Info: Hyper figures OFF on input line 4486.
Package hyperref Info: Link nesting OFF on input line 4491.
Package hyperref Info: Hyper index ON on input line 4494.
Package hyperref Info: Plain pages OFF on input line 4501.
Package hyperref Info: Backreferencing OFF on input line 4506.
Package hyperref Info: Implicit mode ON; LaTeX internals redefined.
Package hyperref Info: Bookmarks ON on input line 4735.
\c@Hy@tempcnt=\count181

("C:\Users\212396147\AppData\Local\Programs\MiKTeX 2.9\tex\latex\url\url.sty"
\Urlmuskip=\muskip17
Package: url 2013/09/16  ver 3.4  Verb mode for urls, etc.
)
LaTeX Info: Redefining \url on input line 5088.
\XeTeXLinkMargin=\dimen189
\Fld@menulength=\count182
\Field@Width=\dimen190
\Fld@charsize=\dimen191
Package hyperref Info: Hyper figures OFF on input line 6342.
Package hyperref Info: Link nesting OFF on input line 6347.
Package hyperref Info: Hyper index ON on input line 6350.
Package hyperref Info: backreferencing OFF on input line 6357.
Package hyperref Info: Link coloring OFF on input line 6362.
Package hyperref Info: Link coloring with OCG OFF on input line 6367.
Package hyperref Info: PDF/A mode OFF on input line 6372.
LaTeX Info: Redefining \ref on input line 6412.
LaTeX Info: Redefining \pageref on input line 6416.
\Hy@abspage=\count183
\c@Item=\count184
\c@Hfootnote=\count185
)

Package hyperref Message: Driver: hpdftex.


("C:\Users\212396147\AppData\Local\Programs\MiKTeX 2.9\tex\latex\hyperref\hpdft
ex.def"
File: hpdftex.def 2016/06/24 v6.83q Hyperref driver for pdfTeX
\Fld@listcount=\count186
\c@bookmark@seq@number=\count187

("C:\Users\212396147\AppData\Local\Programs\MiKTeX 2.9\tex\latex\oberdiek\rerun
filecheck.sty"
Package: rerunfilecheck 2016/05/16 v1.8 Rerun checks for auxiliary files (HO)
Package uniquecounter Info: New unique counter `rerunfilecheck' on input line 2
82.
)
\Hy@SectionHShift=\skip123
)
("C:\Users\212396147\AppData\Local\Programs\MiKTeX 2.9\tex\latex\glossaries\bas
e\glossaries.sty"
Package: glossaries 2017/01/19 v4.29 (NLCT)

("C:\Users\212396147\AppData\Local\Programs\MiKTeX 2.9\tex\latex\mfirstuc\mfirs
tuc.sty"
Package: mfirstuc 2016/07/31 v2.04 (NLCT)

("C:\Users\212396147\AppData\Local\Programs\MiKTeX 2.9\tex\latex\etoolbox\etool
box.sty"
Package: etoolbox 2017/01/02 v2.4 e-TeX tools for LaTeX (JAW)
\etb@tempcnta=\count188
)
\@glsmfirst=\toks35
\@glsmrest=\toks36
)
("C:\Users\212396147\AppData\Local\Programs\MiKTeX 2.9\tex\latex\textcase\textc
ase.sty"
Package: textcase 2004/10/07 v0.07 Text only upper/lower case changing (DPC)
)
("C:\Users\212396147\AppData\Local\Programs\MiKTeX 2.9\tex\latex\xfor\xfor.sty"
Package: xfor 2009/02/05 v1.05 (NLCT)
)
("C:\Users\212396147\AppData\Local\Programs\MiKTeX 2.9\tex\latex\datatool\datat
ool-base.sty"
Package: datatool-base 2016/07/28 v2.27 (NLCT)

("C:\Users\212396147\AppData\Local\Programs\MiKTeX 2.9\tex\latex\substr\substr.
sty"
Package: substr 2009/10/20 v1.2 Handle substrings
\c@su@anzahl=\count189
)
("C:\Users\212396147\AppData\Local\Programs\MiKTeX 2.9\tex\latex\datatool\datat
ool-fp.sty"
Package: datatool-fp 2016/07/28 v2.27 (NLCT)

("C:\Users\212396147\AppData\Local\Programs\MiKTeX 2.9\tex\latex\fp\fp.sty"
Package: fp 1995/04/02

`Fixed Point Package', Version 0.8, April 2, 1995 (C) Michael Mehlich
("C:\Users\212396147\AppData\Local\Programs\MiKTeX 2.9\tex\latex\fp\defpattern.
sty"
Package: defpattern 1994/10/12
\actioncount=\count190
)
("C:\Users\212396147\AppData\Local\Programs\MiKTeX 2.9\tex\latex\fp\fp-basic.st
y"
Package: fp-basic 1996/05/13
\FP@xs=\count191
\FP@xia=\count192
\FP@xib=\count193
\FP@xfa=\count194
\FP@xfb=\count195
\FP@rega=\count196
\FP@regb=\count197
\FP@regs=\count198
\FP@times=\count199
)
("C:\Users\212396147\AppData\Local\Programs\MiKTeX 2.9\tex\latex\fp\fp-addons.s
ty"
Package: fp-addons 1995/03/15
)
("C:\Users\212396147\AppData\Local\Programs\MiKTeX 2.9\tex\latex\fp\fp-snap.sty
"
Package: fp-snap 1995/04/05
)
("C:\Users\212396147\AppData\Local\Programs\MiKTeX 2.9\tex\latex\fp\fp-exp.sty"
Package: fp-exp 1995/04/03
)
("C:\Users\212396147\AppData\Local\Programs\MiKTeX 2.9\tex\latex\fp\fp-trigo.st
y"
Package: fp-trigo 1995/04/14
)
("C:\Users\212396147\AppData\Local\Programs\MiKTeX 2.9\tex\latex\fp\fp-pas.sty"
Package: fp-pas 1994/08/29
)
("C:\Users\212396147\AppData\Local\Programs\MiKTeX 2.9\tex\latex\fp\fp-random.s
ty"
Package: fp-random 1995/02/23
\FPseed=\count266
)
("C:\Users\212396147\AppData\Local\Programs\MiKTeX 2.9\tex\latex\fp\fp-eqn.sty"
Package: fp-eqn 1995/04/03
) ("C:\Users\212396147\AppData\Local\Programs\MiKTeX 2.9\tex\latex\fp\fp-upn.st
y"
Package: fp-upn 1996/10/21
)
("C:\Users\212396147\AppData\Local\Programs\MiKTeX 2.9\tex\latex\fp\fp-eval.sty
"
Package: fp-eval 1995/04/03
)))
\@dtl@toks=\toks37
\@dtl@tmpcount=\count267
\dtl@tmplength=\skip124
\dtl@sortresult=\count268
\@dtl@numgrpsepcount=\count269
\@dtl@datatype=\count270
\dtl@codeA=\count271
\dtl@codeB=\count272
\@dtl@foreach@level=\count273
)
("C:\Users\212396147\AppData\Local\Programs\MiKTeX 2.9\tex\latex\glossaries\bas
e\glossaries-compatible-307.sty"
Package: glossaries-compatible-307 2017/01/19 v4.29 (NLCT)
)
("C:\Users\212396147\AppData\Local\Programs\MiKTeX 2.9\tex\latex\tracklang\trac
klang.sty"
Package: tracklang 2016/11/03 v1.3.3 (NLCT) Track Languages

("C:\Users\212396147\AppData\Local\Programs\MiKTeX 2.9\tex\generic\tracklang\tr
acklang.tex"))
("C:\Users\212396147\AppData\Local\Programs\MiKTeX 2.9\tex\latex\beamer\transla
tor\translator.sty"
Package: translator 2010/06/12 ver 1.10

("C:\Users\212396147\AppData\Local\Programs\MiKTeX 2.9\tex\latex\beamer\transla
tor\translator-language-mappings.tex"))
("C:\Users\212396147\AppData\Local\Programs\MiKTeX 2.9\tex\latex\glossaries-por
tuges\glossaries-portuges.ldf"
File: glossaries-portuges.ldf 2014/11/23 v1.0

("C:\Users\212396147\AppData\Local\Programs\MiKTeX 2.9\tex\latex\glossaries-por
tuges\glossaries-portuges-noenc.ldf"))
("C:\Users\212396147\AppData\Local\Programs\MiKTeX 2.9\tex\latex\glossaries-eng
lish\glossaries-english.ldf"
File: glossaries-english.ldf 2014/11/23 v1.0
)
\gls@level=\count274
\@gls@tmpb=\toks38
\gls@tmplen=\skip125
\glskeylisttok=\toks39
\glslabeltok=\toks40
\glsshorttok=\toks41
\glslongtok=\toks42

("C:\Users\212396147\AppData\Local\Programs\MiKTeX 2.9\tex\latex\glossaries\sty
les\glossary-hypernav.sty"
Package: glossary-hypernav 2017/01/19 v4.29 (NLCT)
)
("C:\Users\212396147\AppData\Local\Programs\MiKTeX 2.9\tex\latex\glossaries\sty
les\glossary-list.sty"
Package: glossary-list 2017/01/19 v4.29 (NLCT)
\glslistdottedwidth=\skip126
)
("C:\Users\212396147\AppData\Local\Programs\MiKTeX 2.9\tex\latex\glossaries\sty
les\glossary-long.sty"
Package: glossary-long 2017/01/19 v4.29 (NLCT)

("C:\Users\212396147\AppData\Local\Programs\MiKTeX 2.9\tex\latex\tools\longtabl
e.sty"
Package: longtable 2014/10/28 v4.11 Multi-page Table package (DPC)
\LTleft=\skip127
\LTright=\skip128
\LTpre=\skip129
\LTpost=\skip130
\LTchunksize=\count275
\LTcapwidth=\dimen192
\LT@head=\box81
\LT@firsthead=\box82
\LT@foot=\box83
\LT@lastfoot=\box84
\LT@cols=\count276
\LT@rows=\count277
\c@LT@tables=\count278
\c@LT@chunks=\count279
\LT@p@ftn=\toks43
)
\glsdescwidth=\skip131
\glspagelistwidth=\skip132
)
("C:\Users\212396147\AppData\Local\Programs\MiKTeX 2.9\tex\latex\glossaries\sty
les\glossary-super.sty"
Package: glossary-super 2017/01/19 v4.29 (NLCT)

("C:\Users\212396147\AppData\Local\Programs\MiKTeX 2.9\tex\latex\supertabular\s
upertabular.sty"
Package: supertabular 2004/02/20 v4.1e the supertabular environment
\c@tracingst=\count280
\ST@wd=\dimen193
\ST@rightskip=\skip133
\ST@leftskip=\skip134
\ST@parfillskip=\skip135
\ST@pageleft=\dimen194
\ST@headht=\dimen195
\ST@tailht=\dimen196
\ST@pagesofar=\dimen197
\ST@pboxht=\dimen198
\ST@lineht=\dimen199
\ST@stretchht=\dimen256
\ST@prevht=\dimen257
\ST@toadd=\dimen258
\ST@dimen=\dimen259
\ST@pbox=\box85
))
("C:\Users\212396147\AppData\Local\Programs\MiKTeX 2.9\tex\latex\glossaries\sty
les\glossary-tree.sty"
Package: glossary-tree 2017/01/19 v4.29 (NLCT)
\glstreeindent=\skip136
))
("C:\Users\212396147\AppData\Local\Programs\MiKTeX 2.9\tex\latex\abntex2\abntex
2cite.sty"
Package: abntex2cite 2016/02/26 v-1.9.6 abnTeX2

("C:\Users\212396147\AppData\Local\Programs\MiKTeX 2.9\tex\latex\abntex2\abntex
2abrev.sty")
\minimumbiblabelwidth=\skip137
\ABCIauxlen=\skip138
\c@ABCIaux=\count281
\c@ABCImax=\count282
\biblabelsep=\skip139
LaTeX Info: Redefining \newblock on input line 591.
LaTeX Info: Redefining \cite on input line 618.
\ABCItoken=\toks44
)
\bibitemsep=\skip140
\bibparskip=\skip141
)
("C:\Users\212396147\AppData\Local\Programs\MiKTeX 2.9\tex\latex\base\inputenc.
sty"
Package: inputenc 2015/03/17 v1.2c Input encoding file
\inpenc@prehook=\toks45
\inpenc@posthook=\toks46

("C:\Users\212396147\AppData\Local\Programs\MiKTeX 2.9\tex\latex\base\utf8.def"
File: utf8.def 2016/02/28 v1.1s UTF-8 support for inputenc
Now handling font encoding OML ...
... no UTF-8 mapping file for font encoding OML
Now handling font encoding T1 ...
... processing UTF-8 mapping file for font encoding T1
("C:\Users\212396147\AppData\Local\Programs\MiKTeX 2.9\tex\latex\base\t1enc.dfu
"
File: t1enc.dfu 2016/02/28 v1.1s UTF-8 support for inputenc
   defining Unicode char U+00A0 (decimal 160)
   defining Unicode char U+00A1 (decimal 161)
   defining Unicode char U+00A3 (decimal 163)
   defining Unicode char U+00AB (decimal 171)
   defining Unicode char U+00AD (decimal 173)
   defining Unicode char U+00BB (decimal 187)
   defining Unicode char U+00BF (decimal 191)
   defining Unicode char U+00C0 (decimal 192)
   defining Unicode char U+00C1 (decimal 193)
   defining Unicode char U+00C2 (decimal 194)
   defining Unicode char U+00C3 (decimal 195)
   defining Unicode char U+00C4 (decimal 196)
   defining Unicode char U+00C5 (decimal 197)
   defining Unicode char U+00C6 (decimal 198)
   defining Unicode char U+00C7 (decimal 199)
   defining Unicode char U+00C8 (decimal 200)
   defining Unicode char U+00C9 (decimal 201)
   defining Unicode char U+00CA (decimal 202)
   defining Unicode char U+00CB (decimal 203)
   defining Unicode char U+00CC (decimal 204)
   defining Unicode char U+00CD (decimal 205)
   defining Unicode char U+00CE (decimal 206)
   defining Unicode char U+00CF (decimal 207)
   defining Unicode char U+00D0 (decimal 208)
   defining Unicode char U+00D1 (decimal 209)
   defining Unicode char U+00D2 (decimal 210)
   defining Unicode char U+00D3 (decimal 211)
   defining Unicode char U+00D4 (decimal 212)
   defining Unicode char U+00D5 (decimal 213)
   defining Unicode char U+00D6 (decimal 214)
   defining Unicode char U+00D8 (decimal 216)
   defining Unicode char U+00D9 (decimal 217)
   defining Unicode char U+00DA (decimal 218)
   defining Unicode char U+00DB (decimal 219)
   defining Unicode char U+00DC (decimal 220)
   defining Unicode char U+00DD (decimal 221)
   defining Unicode char U+00DE (decimal 222)
   defining Unicode char U+00DF (decimal 223)
   defining Unicode char U+00E0 (decimal 224)
   defining Unicode char U+00E1 (decimal 225)
   defining Unicode char U+00E2 (decimal 226)
   defining Unicode char U+00E3 (decimal 227)
   defining Unicode char U+00E4 (decimal 228)
   defining Unicode char U+00E5 (decimal 229)
   defining Unicode char U+00E6 (decimal 230)
   defining Unicode char U+00E7 (decimal 231)
   defining Unicode char U+00E8 (decimal 232)
   defining Unicode char U+00E9 (decimal 233)
   defining Unicode char U+00EA (decimal 234)
   defining Unicode char U+00EB (decimal 235)
   defining Unicode char U+00EC (decimal 236)
   defining Unicode char U+00ED (decimal 237)
   defining Unicode char U+00EE (decimal 238)
   defining Unicode char U+00EF (decimal 239)
   defining Unicode char U+00F0 (decimal 240)
   defining Unicode char U+00F1 (decimal 241)
   defining Unicode char U+00F2 (decimal 242)
   defining Unicode char U+00F3 (decimal 243)
   defining Unicode char U+00F4 (decimal 244)
   defining Unicode char U+00F5 (decimal 245)
   defining Unicode char U+00F6 (decimal 246)
   defining Unicode char U+00F8 (decimal 248)
   defining Unicode char U+00F9 (decimal 249)
   defining Unicode char U+00FA (decimal 250)
   defining Unicode char U+00FB (decimal 251)
   defining Unicode char U+00FC (decimal 252)
   defining Unicode char U+00FD (decimal 253)
   defining Unicode char U+00FE (decimal 254)
   defining Unicode char U+00FF (decimal 255)
   defining Unicode char U+0100 (decimal 256)
   defining Unicode char U+0101 (decimal 257)
   defining Unicode char U+0102 (decimal 258)
   defining Unicode char U+0103 (decimal 259)
   defining Unicode char U+0104 (decimal 260)
   defining Unicode char U+0105 (decimal 261)
   defining Unicode char U+0106 (decimal 262)
   defining Unicode char U+0107 (decimal 263)
   defining Unicode char U+0108 (decimal 264)
   defining Unicode char U+0109 (decimal 265)
   defining Unicode char U+010A (decimal 266)
   defining Unicode char U+010B (decimal 267)
   defining Unicode char U+010C (decimal 268)
   defining Unicode char U+010D (decimal 269)
   defining Unicode char U+010E (decimal 270)
   defining Unicode char U+010F (decimal 271)
   defining Unicode char U+0110 (decimal 272)
   defining Unicode char U+0111 (decimal 273)
   defining Unicode char U+0112 (decimal 274)
   defining Unicode char U+0113 (decimal 275)
   defining Unicode char U+0114 (decimal 276)
   defining Unicode char U+0115 (decimal 277)
   defining Unicode char U+0116 (decimal 278)
   defining Unicode char U+0117 (decimal 279)
   defining Unicode char U+0118 (decimal 280)
   defining Unicode char U+0119 (decimal 281)
   defining Unicode char U+011A (decimal 282)
   defining Unicode char U+011B (decimal 283)
   defining Unicode char U+011C (decimal 284)
   defining Unicode char U+011D (decimal 285)
   defining Unicode char U+011E (decimal 286)
   defining Unicode char U+011F (decimal 287)
   defining Unicode char U+0120 (decimal 288)
   defining Unicode char U+0121 (decimal 289)
   defining Unicode char U+0122 (decimal 290)
   defining Unicode char U+0123 (decimal 291)
   defining Unicode char U+0124 (decimal 292)
   defining Unicode char U+0125 (decimal 293)
   defining Unicode char U+0128 (decimal 296)
   defining Unicode char U+0129 (decimal 297)
   defining Unicode char U+012A (decimal 298)
   defining Unicode char U+012B (decimal 299)
   defining Unicode char U+012C (decimal 300)
   defining Unicode char U+012D (decimal 301)
   defining Unicode char U+012E (decimal 302)
   defining Unicode char U+012F (decimal 303)
   defining Unicode char U+0130 (decimal 304)
   defining Unicode char U+0131 (decimal 305)
   defining Unicode char U+0132 (decimal 306)
   defining Unicode char U+0133 (decimal 307)
   defining Unicode char U+0134 (decimal 308)
   defining Unicode char U+0135 (decimal 309)
   defining Unicode char U+0136 (decimal 310)
   defining Unicode char U+0137 (decimal 311)
   defining Unicode char U+0139 (decimal 313)
   defining Unicode char U+013A (decimal 314)
   defining Unicode char U+013B (decimal 315)
   defining Unicode char U+013C (decimal 316)
   defining Unicode char U+013D (decimal 317)
   defining Unicode char U+013E (decimal 318)
   defining Unicode char U+0141 (decimal 321)
   defining Unicode char U+0142 (decimal 322)
   defining Unicode char U+0143 (decimal 323)
   defining Unicode char U+0144 (decimal 324)
   defining Unicode char U+0145 (decimal 325)
   defining Unicode char U+0146 (decimal 326)
   defining Unicode char U+0147 (decimal 327)
   defining Unicode char U+0148 (decimal 328)
   defining Unicode char U+014A (decimal 330)
   defining Unicode char U+014B (decimal 331)
   defining Unicode char U+014C (decimal 332)
   defining Unicode char U+014D (decimal 333)
   defining Unicode char U+014E (decimal 334)
   defining Unicode char U+014F (decimal 335)
   defining Unicode char U+0150 (decimal 336)
   defining Unicode char U+0151 (decimal 337)
   defining Unicode char U+0152 (decimal 338)
   defining Unicode char U+0153 (decimal 339)
   defining Unicode char U+0154 (decimal 340)
   defining Unicode char U+0155 (decimal 341)
   defining Unicode char U+0156 (decimal 342)
   defining Unicode char U+0157 (decimal 343)
   defining Unicode char U+0158 (decimal 344)
   defining Unicode char U+0159 (decimal 345)
   defining Unicode char U+015A (decimal 346)
   defining Unicode char U+015B (decimal 347)
   defining Unicode char U+015C (decimal 348)
   defining Unicode char U+015D (decimal 349)
   defining Unicode char U+015E (decimal 350)
   defining Unicode char U+015F (decimal 351)
   defining Unicode char U+0160 (decimal 352)
   defining Unicode char U+0161 (decimal 353)
   defining Unicode char U+0162 (decimal 354)
   defining Unicode char U+0163 (decimal 355)
   defining Unicode char U+0164 (decimal 356)
   defining Unicode char U+0165 (decimal 357)
   defining Unicode char U+0168 (decimal 360)
   defining Unicode char U+0169 (decimal 361)
   defining Unicode char U+016A (decimal 362)
   defining Unicode char U+016B (decimal 363)
   defining Unicode char U+016C (decimal 364)
   defining Unicode char U+016D (decimal 365)
   defining Unicode char U+016E (decimal 366)
   defining Unicode char U+016F (decimal 367)
   defining Unicode char U+0170 (decimal 368)
   defining Unicode char U+0171 (decimal 369)
   defining Unicode char U+0172 (decimal 370)
   defining Unicode char U+0173 (decimal 371)
   defining Unicode char U+0174 (decimal 372)
   defining Unicode char U+0175 (decimal 373)
   defining Unicode char U+0176 (decimal 374)
   defining Unicode char U+0177 (decimal 375)
   defining Unicode char U+0178 (decimal 376)
   defining Unicode char U+0179 (decimal 377)
   defining Unicode char U+017A (decimal 378)
   defining Unicode char U+017B (decimal 379)
   defining Unicode char U+017C (decimal 380)
   defining Unicode char U+017D (decimal 381)
   defining Unicode char U+017E (decimal 382)
   defining Unicode char U+01CD (decimal 461)
   defining Unicode char U+01CE (decimal 462)
   defining Unicode char U+01CF (decimal 463)
   defining Unicode char U+01D0 (decimal 464)
   defining Unicode char U+01D1 (decimal 465)
   defining Unicode char U+01D2 (decimal 466)
   defining Unicode char U+01D3 (decimal 467)
   defining Unicode char U+01D4 (decimal 468)
   defining Unicode char U+01E2 (decimal 482)
   defining Unicode char U+01E3 (decimal 483)
   defining Unicode char U+01E6 (decimal 486)
   defining Unicode char U+01E7 (decimal 487)
   defining Unicode char U+01E8 (decimal 488)
   defining Unicode char U+01E9 (decimal 489)
   defining Unicode char U+01EA (decimal 490)
   defining Unicode char U+01EB (decimal 491)
   defining Unicode char U+01F0 (decimal 496)
   defining Unicode char U+01F4 (decimal 500)
   defining Unicode char U+01F5 (decimal 501)
   defining Unicode char U+0218 (decimal 536)
   defining Unicode char U+0219 (decimal 537)
   defining Unicode char U+021A (decimal 538)
   defining Unicode char U+021B (decimal 539)
   defining Unicode char U+1E02 (decimal 7682)
   defining Unicode char U+1E03 (decimal 7683)
   defining Unicode char U+200C (decimal 8204)
   defining Unicode char U+2010 (decimal 8208)
   defining Unicode char U+2011 (decimal 8209)
   defining Unicode char U+2012 (decimal 8210)
   defining Unicode char U+2013 (decimal 8211)
   defining Unicode char U+2014 (decimal 8212)
   defining Unicode char U+2015 (decimal 8213)
   defining Unicode char U+2018 (decimal 8216)
   defining Unicode char U+2019 (decimal 8217)
   defining Unicode char U+201A (decimal 8218)
   defining Unicode char U+201C (decimal 8220)
   defining Unicode char U+201D (decimal 8221)
   defining Unicode char U+201E (decimal 8222)
   defining Unicode char U+2030 (decimal 8240)
   defining Unicode char U+2031 (decimal 8241)
   defining Unicode char U+2039 (decimal 8249)
   defining Unicode char U+203A (decimal 8250)
   defining Unicode char U+2423 (decimal 9251)
)
Now handling font encoding OT1 ...
... processing UTF-8 mapping file for font encoding OT1

("C:\Users\212396147\AppData\Local\Programs\MiKTeX 2.9\tex\latex\base\ot1enc.df
u"
File: ot1enc.dfu 2016/02/28 v1.1s UTF-8 support for inputenc
   defining Unicode char U+00A0 (decimal 160)
   defining Unicode char U+00A1 (decimal 161)
   defining Unicode char U+00A3 (decimal 163)
   defining Unicode char U+00AD (decimal 173)
   defining Unicode char U+00B8 (decimal 184)
   defining Unicode char U+00BF (decimal 191)
   defining Unicode char U+00C5 (decimal 197)
   defining Unicode char U+00C6 (decimal 198)
   defining Unicode char U+00D8 (decimal 216)
   defining Unicode char U+00DF (decimal 223)
   defining Unicode char U+00E6 (decimal 230)
   defining Unicode char U+00EC (decimal 236)
   defining Unicode char U+00ED (decimal 237)
   defining Unicode char U+00EE (decimal 238)
   defining Unicode char U+00EF (decimal 239)
   defining Unicode char U+00F8 (decimal 248)
   defining Unicode char U+0131 (decimal 305)
   defining Unicode char U+0141 (decimal 321)
   defining Unicode char U+0142 (decimal 322)
   defining Unicode char U+0152 (decimal 338)
   defining Unicode char U+0153 (decimal 339)
   defining Unicode char U+0174 (decimal 372)
   defining Unicode char U+0175 (decimal 373)
   defining Unicode char U+0176 (decimal 374)
   defining Unicode char U+0177 (decimal 375)
   defining Unicode char U+0218 (decimal 536)
   defining Unicode char U+0219 (decimal 537)
   defining Unicode char U+021A (decimal 538)
   defining Unicode char U+021B (decimal 539)
   defining Unicode char U+2013 (decimal 8211)
   defining Unicode char U+2014 (decimal 8212)
   defining Unicode char U+2018 (decimal 8216)
   defining Unicode char U+2019 (decimal 8217)
   defining Unicode char U+201C (decimal 8220)
   defining Unicode char U+201D (decimal 8221)
)
Now handling font encoding OMS ...
... processing UTF-8 mapping file for font encoding OMS

("C:\Users\212396147\AppData\Local\Programs\MiKTeX 2.9\tex\latex\base\omsenc.df
u"
File: omsenc.dfu 2016/02/28 v1.1s UTF-8 support for inputenc
   defining Unicode char U+00A7 (decimal 167)
   defining Unicode char U+00B6 (decimal 182)
   defining Unicode char U+00B7 (decimal 183)
   defining Unicode char U+2020 (decimal 8224)
   defining Unicode char U+2021 (decimal 8225)
   defining Unicode char U+2022 (decimal 8226)
)
Now handling font encoding OMX ...
... no UTF-8 mapping file for font encoding OMX
Now handling font encoding U ...
... no UTF-8 mapping file for font encoding U
Now handling font encoding PD1 ...
... no UTF-8 mapping file for font encoding PD1
   defining Unicode char U+00A9 (decimal 169)
   defining Unicode char U+00AA (decimal 170)
   defining Unicode char U+00AE (decimal 174)
   defining Unicode char U+00BA (decimal 186)
   defining Unicode char U+02C6 (decimal 710)
   defining Unicode char U+02DC (decimal 732)
   defining Unicode char U+200C (decimal 8204)
   defining Unicode char U+2026 (decimal 8230)
   defining Unicode char U+2122 (decimal 8482)
   defining Unicode char U+2423 (decimal 9251)
))
("C:\Users\212396147\AppData\Local\Programs\MiKTeX 2.9\tex\latex\booktabs\bookt
abs.sty"
Package: booktabs 2005/04/14 v1.61803 publication quality tables
\heavyrulewidth=\dimen260
\lightrulewidth=\dimen261
\cmidrulewidth=\dimen262
\belowrulesep=\dimen263
\belowbottomsep=\dimen264
\aboverulesep=\dimen265
\abovetopsep=\dimen266
\cmidrulesep=\dimen267
\cmidrulekern=\dimen268
\defaultaddspace=\dimen269
\@cmidla=\count283
\@cmidlb=\count284
\@aboverulesep=\dimen270
\@belowrulesep=\dimen271
\@thisruleclass=\count285
\@lastruleclass=\count286
\@thisrulewidth=\dimen272
)
("C:\Users\212396147\AppData\Local\Programs\MiKTeX 2.9\tex\latex\multirow\multi
row.sty"
Package: multirow 2016/11/25 v2.2 Span multiple rows of a table
\multirow@colwidth=\skip142
\multirow@cntb=\count287
\multirow@dima=\skip143
\bigstrutjot=\dimen273
)
\Qualificacao_Lucas_Argentim@idxfile=\write4

Writing index file Qualificacao_Lucas_Argentim.idx
\glswrite=\write5
\glo@acronym@file=\write6
Package glossaries Info: Writing glossary file Qualificacao_Lucas_Argentim.acn 
on input line 33.
\glo@symbols@file=\write7
Package glossaries Info: Writing glossary file Qualificacao_Lucas_Argentim.slo 
on input line 33.
(Qualificacao_Lucas_Argentim.aux)
\openout1 = `Qualificacao_Lucas_Argentim.aux'.

LaTeX Font Info:    Checking defaults for OML/cmm/m/it on input line 35.
LaTeX Font Info:    ... okay on input line 35.
LaTeX Font Info:    Checking defaults for T1/cmr/m/n on input line 35.
LaTeX Font Info:    ... okay on input line 35.
LaTeX Font Info:    Checking defaults for OT1/cmr/m/n on input line 35.
LaTeX Font Info:    ... okay on input line 35.
LaTeX Font Info:    Checking defaults for OMS/cmsy/m/n on input line 35.
LaTeX Font Info:    ... okay on input line 35.
LaTeX Font Info:    Checking defaults for OMX/cmex/m/n on input line 35.
LaTeX Font Info:    ... okay on input line 35.
LaTeX Font Info:    Checking defaults for U/cmr/m/n on input line 35.
LaTeX Font Info:    ... okay on input line 35.
LaTeX Font Info:    Checking defaults for PD1/pdf/m/n on input line 35.
LaTeX Font Info:    ... okay on input line 35.
LaTeX Font Info:    Try loading font information for T1+ptm on input line 35.

("C:\Users\212396147\AppData\Local\Programs\MiKTeX 2.9\tex\latex\psnfss\t1ptm.f
d"
File: t1ptm.fd 2001/06/04 font definitions for T1/ptm.
)
*geometry* driver: auto-detecting
*geometry* detected driver: pdftex
*geometry* verbose mode - [ preamble ] result:
* driver: pdftex
* paper: a4paper
* layout: <same size as paper>
* layoutoffset:(h,v)=(0.0pt,0.0pt)
* modes: 
* h-part:(L,W,R)=(85.35826pt, 455.24411pt, 56.9055pt)
* v-part:(T,H,B)=(85.35826pt, 702.78308pt, 56.9055pt)
* \paperwidth=597.50787pt
* \paperheight=845.04684pt
* \textwidth=455.24411pt
* \textheight=702.78308pt
* \oddsidemargin=13.08827pt
* \evensidemargin=13.08827pt
* \topmargin=-23.91173pt
* \headheight=14.4pt
* \headsep=25.0pt
* \topskip=10.0pt
* \footskip=0.0pt
* \marginparwidth=65.0pt
* \marginparsep=11.0pt
* \columnsep=10.0pt
* \skip\footins=9.0pt plus 4.0pt minus 2.0pt
* \hoffset=0.0pt
* \voffset=0.0pt
* \mag=1000
* \@twocolumnfalse
* \@twosidefalse
* \@mparswitchfalse
* \@reversemarginfalse
* (1in=72.27pt=25.4mm, 1cm=28.453pt)

Package caption Info: Begin \AtBeginDocument code.
Package caption Info: hyperref package is loaded.
Package caption Info: longtable package is loaded.

("C:\Users\212396147\AppData\Local\Programs\MiKTeX 2.9\tex\latex\caption\ltcapt
ion.sty"
Package: ltcaption 2013/06/09 v1.4-94 longtable captions (AR)
)
Package caption Info: supertabular package is loaded.
Package caption Info: End \AtBeginDocument code.

("C:\Users\212396147\AppData\Local\Programs\MiKTeX 2.9\tex\context\base\supp-pd
f.mkii"
[Loading MPS to PDF converter (version 2006.09.02).]
\scratchcounter=\count288
\scratchdimen=\dimen274
\scratchbox=\box86
\nofMPsegments=\count289
\nofMParguments=\count290
\everyMPshowfont=\toks47
\MPscratchCnt=\count291
\MPscratchDim=\dimen275
\MPnumerator=\count292
\makeMPintoPDFobject=\count293
\everyMPtoPDFconversion=\toks48
)
("C:\Users\212396147\AppData\Local\Programs\MiKTeX 2.9\tex\latex\oberdiek\epsto
pdf-base.sty"
Package: epstopdf-base 2016/05/15 v2.6 Base part for package epstopdf

("C:\Users\212396147\AppData\Local\Programs\MiKTeX 2.9\tex\latex\oberdiek\grfex
t.sty"
Package: grfext 2016/05/16 v1.2 Manage graphics extensions (HO)
)
Package epstopdf-base Info: Redefining graphics rule for `.eps' on input line 4
38.
Package grfext Info: Graphics extension search list:
(grfext)             [.png,.pdf,.jpg,.mps,.jpeg,.jbig2,.jb2,.PNG,.PDF,.JPG,.JPE
G,.JBIG2,.JB2,.eps]
(grfext)             \AppendGraphicsExtensions on input line 456.
)
\AtBeginShipoutBox=\box87

("C:\Users\212396147\AppData\Local\Programs\MiKTeX 2.9\tex\latex\oberdiek\pdfls
cape.sty"
Package: pdflscape 2016/05/14 v0.11 Display of landscape pages in PDF (HO)

("C:\Users\212396147\AppData\Local\Programs\MiKTeX 2.9\tex\latex\graphics\lscap
e.sty"
Package: lscape 2000/10/22 v3.01 Landscape Pages (DPC)
)
Package pdflscape Info: Auto-detected driver: pdftex on input line 81.
)
Package hyperref Info: Link coloring OFF on input line 35.

("C:\Users\212396147\AppData\Local\Programs\MiKTeX 2.9\tex\latex\hyperref\namer
ef.sty"
Package: nameref 2016/05/21 v2.44 Cross-referencing by name of section

("C:\Users\212396147\AppData\Local\Programs\MiKTeX 2.9\tex\generic\oberdiek\get
titlestring.sty"
Package: gettitlestring 2016/05/16 v1.5 Cleanup title references (HO)
)
\c@section@level=\count294
)
LaTeX Info: Redefining \ref on input line 35.
LaTeX Info: Redefining \pageref on input line 35.
LaTeX Info: Redefining \nameref on input line 35.
 (Qualificacao_Lucas_Argentim.out)
(Qualificacao_Lucas_Argentim.out)
\@outlinefile=\write8
LaTeX Font Info:    Font shape `T1/ptm/bx/n' in size <12> not available
(Font)              Font shape `T1/ptm/b/n' tried instead on input line 38.
Package babel Info: Redefining portuges shorthand "|
(babel)             in language  on input line 38.
Package babel Info: Redefining portuges shorthand "|
(babel)             in language  on input line 38.
\openout3 = `Qualificacao_Lucas_Argentim.mw'.

 [1

{C:/Users/212396147/AppData/Local/MiKTeX/2.9/pdftex/config/pdftex.map}] (Qualif
icacao_Lucas_Argentim.mw)
\openout3 = `Qualificacao_Lucas_Argentim.mw'.

\openout3 = `Qualificacao_Lucas_Argentim.mw'.

\openout3 = `Qualificacao_Lucas_Argentim.mw'.

\openout3 = `Qualificacao_Lucas_Argentim.mw'.

\openout3 = `Qualificacao_Lucas_Argentim.mw'.

\openout3 = `Qualificacao_Lucas_Argentim.mw'.

\openout3 = `Qualificacao_Lucas_Argentim.mw'.

\openout3 = `Qualificacao_Lucas_Argentim.mw'.

\openout3 = `Qualificacao_Lucas_Argentim.mw'.

\openout3 = `Qualificacao_Lucas_Argentim.mw'.

\openout3 = `Qualificacao_Lucas_Argentim.mw'.

\openout3 = `Qualificacao_Lucas_Argentim.mw'.

\openout3 = `Qualificacao_Lucas_Argentim.mw'.

\openout3 = `Qualificacao_Lucas_Argentim.mw'.

\openout3 = `Qualificacao_Lucas_Argentim.mw'.

\openout3 = `Qualificacao_Lucas_Argentim.mw'.

\openout3 = `Qualificacao_Lucas_Argentim.mw'.

\openout3 = `Qualificacao_Lucas_Argentim.mw'.

\openout3 = `Qualificacao_Lucas_Argentim.mw'.

\openout3 = `Qualificacao_Lucas_Argentim.mw'.

\openout3 = `Qualificacao_Lucas_Argentim.mw'.

\openout3 = `Qualificacao_Lucas_Argentim.mw'.

\openout3 = `Qualificacao_Lucas_Argentim.mw'.

\openout3 = `Qualificacao_Lucas_Argentim.mw'.

\openout3 = `Qualificacao_Lucas_Argentim.mw'.

\openout3 = `Qualificacao_Lucas_Argentim.mw'.

\openout3 = `Qualificacao_Lucas_Argentim.mw'.

\openout3 = `Qualificacao_Lucas_Argentim.mw'.

\openout3 = `Qualificacao_Lucas_Argentim.mw'.

\openout3 = `Qualificacao_Lucas_Argentim.mw'.

\openout3 = `Qualificacao_Lucas_Argentim.mw'.

\openout3 = `Qualificacao_Lucas_Argentim.mw'.

\openout3 = `Qualificacao_Lucas_Argentim.mw'.

\openout3 = `Qualificacao_Lucas_Argentim.mw'.

\openout3 = `Qualificacao_Lucas_Argentim.mw'.

\openout3 = `Qualificacao_Lucas_Argentim.mw'.

\openout3 = `Qualificacao_Lucas_Argentim.mw'.

\openout3 = `Qualificacao_Lucas_Argentim.mw'.

\openout3 = `Qualificacao_Lucas_Argentim.mw'.

\openout3 = `Qualificacao_Lucas_Argentim.mw'.

\openout3 = `Qualificacao_Lucas_Argentim.mw'.

\openout3 = `Qualificacao_Lucas_Argentim.mw'.

\openout3 = `Qualificacao_Lucas_Argentim.mw'.

\openout3 = `Qualificacao_Lucas_Argentim.mw'.

\openout3 = `Qualificacao_Lucas_Argentim.mw'.

\openout3 = `Qualificacao_Lucas_Argentim.mw'.

\openout3 = `Qualificacao_Lucas_Argentim.mw'.

\openout3 = `Qualificacao_Lucas_Argentim.mw'.

\openout3 = `Qualificacao_Lucas_Argentim.mw'.

\openout3 = `Qualificacao_Lucas_Argentim.mw'.

\openout3 = `Qualificacao_Lucas_Argentim.mw'.

\openout3 = `Qualificacao_Lucas_Argentim.mw'.

\openout3 = `Qualificacao_Lucas_Argentim.mw'.

\openout3 = `Qualificacao_Lucas_Argentim.mw'.

\openout3 = `Qualificacao_Lucas_Argentim.mw'.

\openout3 = `Qualificacao_Lucas_Argentim.mw'.

\openout3 = `Qualificacao_Lucas_Argentim.mw'.

\openout3 = `Qualificacao_Lucas_Argentim.mw'.

\openout3 = `Qualificacao_Lucas_Argentim.mw'.

\openout3 = `Qualificacao_Lucas_Argentim.mw'.

\openout3 = `Qualificacao_Lucas_Argentim.mw'.

\openout3 = `Qualificacao_Lucas_Argentim.mw'.

\openout3 = `Qualificacao_Lucas_Argentim.mw'.

\openout3 = `Qualificacao_Lucas_Argentim.mw'.

\openout3 = `Qualificacao_Lucas_Argentim.mw'.

\openout3 = `Qualificacao_Lucas_Argentim.mw'.

\openout3 = `Qualificacao_Lucas_Argentim.mw'.

\openout3 = `Qualificacao_Lucas_Argentim.mw'.

\openout3 = `Qualificacao_Lucas_Argentim.mw'.

\openout3 = `Qualificacao_Lucas_Argentim.mw'.

\openout3 = `Qualificacao_Lucas_Argentim.mw'.

\openout3 = `Qualificacao_Lucas_Argentim.mw'.

\openout3 = `Qualificacao_Lucas_Argentim.mw'.

\openout3 = `Qualificacao_Lucas_Argentim.mw'.

\openout3 = `Qualificacao_Lucas_Argentim.mw'.

\openout3 = `Qualificacao_Lucas_Argentim.mw'.

\openout3 = `Qualificacao_Lucas_Argentim.mw'.

\openout3 = `Qualificacao_Lucas_Argentim.mw'.

\openout3 = `Qualificacao_Lucas_Argentim.mw'.

\openout3 = `Qualificacao_Lucas_Argentim.mw'.

\openout3 = `Qualificacao_Lucas_Argentim.mw'.

\openout3 = `Qualificacao_Lucas_Argentim.mw'.

\openout3 = `Qualificacao_Lucas_Argentim.mw'.

\openout3 = `Qualificacao_Lucas_Argentim.mw'.

\openout3 = `Qualificacao_Lucas_Argentim.mw'.

\openout3 = `Qualificacao_Lucas_Argentim.mw'.

\openout3 = `Qualificacao_Lucas_Argentim.mw'.

\openout3 = `Qualificacao_Lucas_Argentim.mw'.

\openout3 = `Qualificacao_Lucas_Argentim.mw'.

\openout3 = `Qualificacao_Lucas_Argentim.mw'.

\openout3 = `Qualificacao_Lucas_Argentim.mw'.

\openout3 = `Qualificacao_Lucas_Argentim.mw'.

\openout3 = `Qualificacao_Lucas_Argentim.mw'.

\openout3 = `Qualificacao_Lucas_Argentim.mw'.

\openout3 = `Qualificacao_Lucas_Argentim.mw'.

\openout3 = `Qualificacao_Lucas_Argentim.mw'.

\openout3 = `Qualificacao_Lucas_Argentim.mw'.

\openout3 = `Qualificacao_Lucas_Argentim.mw'.

\openout3 = `Qualificacao_Lucas_Argentim.mw'.

\openout3 = `Qualificacao_Lucas_Argentim.mw'.

\openout3 = `Qualificacao_Lucas_Argentim.mw'.

\openout3 = `Qualificacao_Lucas_Argentim.mw'.

\openout3 = `Qualificacao_Lucas_Argentim.mw'.

\openout3 = `Qualificacao_Lucas_Argentim.mw'.

\openout3 = `Qualificacao_Lucas_Argentim.mw'.

\openout3 = `Qualificacao_Lucas_Argentim.mw'.

\openout3 = `Qualificacao_Lucas_Argentim.mw'.

\openout3 = `Qualificacao_Lucas_Argentim.mw'.

\openout3 = `Qualificacao_Lucas_Argentim.mw'.

\openout3 = `Qualificacao_Lucas_Argentim.mw'.

\openout3 = `Qualificacao_Lucas_Argentim.mw'.

\openout3 = `Qualificacao_Lucas_Argentim.mw'.

\openout3 = `Qualificacao_Lucas_Argentim.mw'.

\openout3 = `Qualificacao_Lucas_Argentim.xdy'.

LaTeX Font Info:    Try loading font information for OT1+lmr on input line 41.

("C:\Users\212396147\AppData\Local\Programs\MiKTeX 2.9\tex\latex\lm\ot1lmr.fd"
File: ot1lmr.fd 2009/10/30 v1.6 Font defs for Latin Modern
)
LaTeX Font Info:    Try loading font information for OML+lmm on input line 41.
("C:\Users\212396147\AppData\Local\Programs\MiKTeX 2.9\tex\latex\lm\omllmm.fd"
File: omllmm.fd 2009/10/30 v1.6 Font defs for Latin Modern
)
LaTeX Font Info:    Try loading font information for OMS+lmsy on input line 41.

("C:\Users\212396147\AppData\Local\Programs\MiKTeX 2.9\tex\latex\lm\omslmsy.fd"
File: omslmsy.fd 2009/10/30 v1.6 Font defs for Latin Modern
)
LaTeX Font Info:    Try loading font information for OMX+lmex on input line 41.

 ("C:\Users\212396147\AppData\Local\Programs\MiKTeX 2.9\tex\latex\lm\omxlmex.fd
"
File: omxlmex.fd 2009/10/30 v1.6 Font defs for Latin Modern
)
LaTeX Font Info:    External font `lmex10' loaded for size
(Font)              <12> on input line 41.
LaTeX Font Info:    External font `lmex10' loaded for size
(Font)              <8> on input line 41.
LaTeX Font Info:    External font `lmex10' loaded for size
(Font)              <6> on input line 41.
Package babel Info: Redefining portuges shorthand "|
(babel)             in language  on input line 41.
Package babel Info: Redefining portuges shorthand "|
(babel)             in language  on input line 41.
pdfTeX warning (ext4): destination with the same identifier (name{page.1}) has 
been already used, duplicate ignored
<to be read again> 
                   \relax 
l.41 \end{folhaderosto}
                       
\openout3 = `Qualificacao_Lucas_Argentim.mw'.

 [1] (Qualificacao_Lucas_Argentim.mw)

Package babel Info: Redefining portuges shorthand "|
(babel)             in language  on input line 43.
Package babel Info: Redefining portuges shorthand "|
(babel)             in language  on input line 43.
pdfTeX warning (ext4): destination with the same identifier (name{page.1}) has 
been already used, duplicate ignored
<to be read again> 
                   \relax 
l.43 \fichacatalografica
                        
\openout3 = `Qualificacao_Lucas_Argentim.mw'.

 [1] (Qualificacao_Lucas_Argentim.mw)

Package babel Info: Redefining portuges shorthand "|
(babel)             in language  on input line 45.
Package babel Info: Redefining portuges shorthand "|
(babel)             in language  on input line 45.
\openout3 = `Qualificacao_Lucas_Argentim.mw'.

 [2]
(Qualificacao_Lucas_Argentim.mw)


Overfull \hbox (13.65747pt too wide) in paragraph at lines 47--47
|  $[]$  
 []

Package babel Info: Redefining portuges shorthand "|
(babel)             in language  on input line 49.
Package babel Info: Redefining portuges shorthand "|
(babel)             in language  on input line 49.
\openout3 = `Qualificacao_Lucas_Argentim.mw'.

[3] (Qualificacao_Lucas_Argentim.mw)


Package babel Info: Redefining portuges shorthand "|
(babel)             in language  on input line 53.
Package babel Info: Redefining portuges shorthand "|
(babel)             in language  on input line 53.
\openout3 = `Qualificacao_Lucas_Argentim.mw'.

 [4] (Qualificacao_Lucas_Argentim.mw)



LaTeX Warning: Citation `dyer2010edison' undefined on input line 57.


Underfull \hbox (badness 10000) in paragraph at lines 57--57

 []


Overfull \hbox (13.65747pt too wide) in paragraph at lines 57--57
|  $[]$  
 []

Package babel Info: Redefining portuges shorthand "|
(babel)             in language  on input line 58.
Package babel Info: Redefining portuges shorthand "|
(babel)             in language  on input line 58.
\openout3 = `Qualificacao_Lucas_Argentim.mw'.

[5] (Qualificacao_Lucas_Argentim.mw)


Package babel Info: Redefining portuges shorthand "|
(babel)             in language  on input line 73.
Package babel Info: Redefining portuges shorthand "|
(babel)             in language  on input line 73.
\openout3 = `Qualificacao_Lucas_Argentim.mw'.

 [6] (Qualificacao_Lucas_Argentim.mw)

\openout3 = `Qualificacao_Lucas_Argentim.mw'.


[7] (Qualificacao_Lucas_Argentim.mw)


 (Qualificacao_Lucas_Argentim.lof)
\tf@lof=\write9
Package babel Info: Redefining portuges shorthand "|
(babel)             in language  on input line 92.
Package babel Info: Redefining portuges shorthand "|
(babel)             in language  on input line 92.
\openout3 = `Qualificacao_Lucas_Argentim.mw'.

 [8]
(Qualificacao_Lucas_Argentim.mw)


 (Qualificacao_Lucas_Argentim.lot)
\tf@lot=\write10
Package babel Info: Redefining portuges shorthand "|
(babel)             in language  on input line 93.
Package babel Info: Redefining portuges shorthand "|
(babel)             in language  on input line 93.
\openout3 = `Qualificacao_Lucas_Argentim.mw'.

 [9]
(Qualificacao_Lucas_Argentim.mw)


 (Qualificacao_Lucas_Argentim.loa)
\tf@loa=\write11
Package babel Info: Redefining portuges shorthand "|
(babel)             in language  on input line 94.
Package babel Info: Redefining portuges shorthand "|
(babel)             in language  on input line 94.
\openout3 = `Qualificacao_Lucas_Argentim.mw'.

 [10]
(Qualificacao_Lucas_Argentim.mw)



No file Qualificacao_Lucas_Argentim.acr.
No file Qualificacao_Lucas_Argentim.sls.
Package babel Info: Redefining portuges shorthand "|
(babel)             in language  on input line 97.
Package babel Info: Redefining portuges shorthand "|
(babel)             in language  on input line 97.
\openout3 = `Qualificacao_Lucas_Argentim.mw'.

[11] (Qualificacao_Lucas_Argentim.mw)

 (Qualificacao_Lucas_Argentim.toc)
\tf@toc=\write12
Package babel Info: Redefining portuges shorthand "|
(babel)             in language  on input line 97.
Package babel Info: Redefining portuges shorthand "|
(babel)             in language  on input line 97.
\openout3 = `Qualificacao_Lucas_Argentim.mw'.


[12] (Qualificacao_Lucas_Argentim.mw)

Package babel Info: Redefining portuges shorthand "|
(babel)             in language  on input line 99.
Package babel Info: Redefining portuges shorthand "|
(babel)             in language  on input line 117.
Package babel Info: Redefining portuges shorthand "|
(babel)             in language  on input line 117.
\openout3 = `Qualificacao_Lucas_Argentim.mw'.

 [13] (Qualificacao_Lucas_Argentim.mw)


\openout3 = `Qualificacao_Lucas_Argentim.mw'.

Package babel Info: Redefining portuges shorthand "|
(babel)             in language  on input line 120.
Package babel Info: Redefining portuges shorthand "|
(babel)             in language  on input line 120.
\openout3 = `Qualificacao_Lucas_Argentim.mw'.


[14] (Qualificacao_Lucas_Argentim.mw)
Package babel Info: Redefining portuges shorthand "|
(babel)             in language  on input line 120.


LaTeX Warning: Citation `graupe1982multifunctional' on page 15 undefined on inp
ut line 124.


LaTeX Warning: Citation `matrone2012real' on page 15 undefined on input line 12
4.


LaTeX Warning: Citation `graupe1975functional' on page 15 undefined on input li
ne 124.


LaTeX Warning: Citation `Shenoy2008' on page 15 undefined on input line 124.


LaTeX Warning: Citation `castro2014semg' on page 15 undefined on input line 124
.


LaTeX Warning: Citation `young2013classification' on page 15 undefined on input
 line 125.


LaTeX Warning: Citation `tkach2010study' on page 15 undefined on input line 125
.


LaTeX Warning: Citation `lorrain2011influence' on page 15 undefined on input li
ne 125.


LaTeX Warning: Citation `leon2011' on page 15 undefined on input line 125.


LaTeX Warning: Citation `amsuss2014self' on page 15 undefined on input line 125
.


LaTeX Warning: Citation `buick2016tele' on page 15 undefined on input line 129.



LaTeX Warning: Citation `triponyuwasin2014brain' on page 15 undefined on input 
line 131.

Package babel Info: Redefining portuges shorthand "|
(babel)             in language  on input line 132.
Package babel Info: Redefining portuges shorthand "|
(babel)             in language  on input line 132.
\openout3 = `Qualificacao_Lucas_Argentim.mw'.

[15] (Qualificacao_Lucas_Argentim.mw)

\openout3 = `Qualificacao_Lucas_Argentim.mw'.



LaTeX Warning: Citation `dobkin2007brain' on page 16 undefined on input line 13
3.


LaTeX Warning: Citation `karim2006neural' on page 16 undefined on input line 13
5.

Package babel Info: Redefining portuges shorthand "|
(babel)             in language  on input line 138.
Package babel Info: Redefining portuges shorthand "|
(babel)             in language  on input line 138.
\openout3 = `Qualificacao_Lucas_Argentim.mw'.

[16] (Qualificacao_Lucas_Argentim.mw)
Package babel Info: Redefining portuges shorthand "|
(babel)             in language  on input line 138.
Package babel Info: Redefining portuges shorthand "|
(babel)             in language  on input line 143.


LaTeX Warning: Citation `merletti2004' on page 17 undefined on input line 145.


LaTeX Warning: Citation `farrell2008comparison' on page 17 undefined on input l
ine 145.


LaTeX Warning: Citation `deluca2002surface' on page 17 undefined on input line 
149.

<images/signalEMG.jpg, id=164, 599.23875pt x 244.66406pt>
File: images/signalEMG.jpg Graphic file (type jpg)

<use images/signalEMG.jpg>
Package pdftex.def Info: images/signalEMG.jpg used on input line 153.
(pdftex.def)             Requested size: 299.61864pt x 122.33173pt.

<images/MyoWare.png, id=165, 341.77687pt x 182.18062pt>
File: images/MyoWare.png Graphic file (type png)

<use images/MyoWare.png>
Package pdftex.def Info: images/MyoWare.png used on input line 162.
(pdftex.def)             Requested size: 256.33202pt x 136.63512pt.
Package babel Info: Redefining portuges shorthand "|
(babel)             in language  on input line 170.
Package babel Info: Redefining portuges shorthand "|
(babel)             in language  on input line 175.
Package babel Info: Redefining portuges shorthand "|
(babel)             in language  on input line 175.
\openout3 = `Qualificacao_Lucas_Argentim.mw'.

 [17 <./images/signalEMG.jpg>]
(Qualificacao_Lucas_Argentim.mw)

\openout3 = `Qualificacao_Lucas_Argentim.mw'.

\openout3 = `Qualificacao_Lucas_Argentim.mw'.

Package babel Info: Redefining portuges shorthand "|
(babel)             in language  on input line 175.

<images/bluefruit.jpg, id=172, 973.6375pt x 730.73pt>
File: images/bluefruit.jpg Graphic file (type jpg)

<use images/bluefruit.jpg>
Package pdftex.def Info: images/bluefruit.jpg used on input line 181.
(pdftex.def)             Requested size: 243.40877pt x 182.68205pt.
Package babel Info: Redefining portuges shorthand "|
(babel)             in language  on input line 194.
Package babel Info: Redefining portuges shorthand "|
(babel)             in language  on input line 194.
\openout3 = `Qualificacao_Lucas_Argentim.mw'.

 [18 <./images/MyoWare.png> <./images/bluefruit.jpg>] (Qualificacao_Lucas_Argen
tim.mw)
\openout3 = `Qualificacao_Lucas_Argentim.mw'.

\openout3 = `Qualificacao_Lucas_Argentim.mw'.


Overfull \hbox (14.85054pt too wide) in paragraph at lines 199--200
[]\T1/ptm/m/n/12 J in-te-grado com mi-cro-con-tro-la-dor, a placa pos-sui um m
-dulo Blu-e-to-oth Nor-dic nRF51822,
 []

Package babel Info: Redefining portuges shorthand "|
(babel)             in language  on input line 206.

LaTeX Warning: Citation `fischer2001user' on page 19 undefined on input line 21
0.

Package babel Info: Redefining portuges shorthand "|
(babel)             in language  on input line 215.
Package babel Info: Redefining portuges shorthand "|
(babel)             in language  on input line 215.
\openout3 = `Qualificacao_Lucas_Argentim.mw'.

[19] (Qualificacao_Lucas_Argentim.mw)
\openout3 = `Qualificacao_Lucas_Argentim.mw'.

Package babel Info: Redefining portuges shorthand "|
(babel)             in language  on input line 218.

<images/extencao.jpg, id=182, 185.19188pt x 117.43875pt>
File: images/extencao.jpg Graphic file (type jpg)

<use images/extencao.jpg>
Package pdftex.def Info: images/extencao.jpg used on input line 225.
(pdftex.def)             Requested size: 185.1914pt x 117.43845pt.
Package babel Info: Redefining portuges shorthand "|
(babel)             in language  on input line 234.
Package babel Info: Redefining portuges shorthand "|
(babel)             in language  on input line 234.
\openout3 = `Qualificacao_Lucas_Argentim.mw'.

 [20 <./images/extencao.jpg>]
(Qualificacao_Lucas_Argentim.mw)
\openout3 = `Qualificacao_Lucas_Argentim.mw'.

Package babel Info: Redefining portuges shorthand "|
(babel)             in language  on input line 236.
Package babel Info: Redefining portuges shorthand "|
(babel)             in language  on input line 247.
Package babel Info: Redefining portuges shorthand "|
(babel)             in language  on input line 254.
Package babel Info: Redefining portuges shorthand "|
(babel)             in language  on input line 257.
Package babel Info: Redefining portuges shorthand "|
(babel)             in language  on input line 257.
\openout3 = `Qualificacao_Lucas_Argentim.mw'.

 [21] (Qualificacao_Lucas_Argentim.mw)
\openout3 = `Qualificacao_Lucas_Argentim.mw'.

\openout3 = `Qualificacao_Lucas_Argentim.mw'.

Package babel Info: Redefining portuges shorthand "|
(babel)             in language  on input line 261.
Package babel Info: Redefining portuges shorthand "|
(babel)             in language  on input line 261.
\openout3 = `Qualificacao_Lucas_Argentim.mw'.

 [22]
(Qualificacao_Lucas_Argentim.mw)
\openout3 = `Qualificacao_Lucas_Argentim.mw'.

Package babel Info: Redefining portuges shorthand "|
(babel)             in language  on input line 261.
Package babel Info: Redefining portuges shorthand "|
(babel)             in language  on input line 270.
Package babel Info: Redefining portuges shorthand "|
(babel)             in language  on input line 270.
\openout3 = `Qualificacao_Lucas_Argentim.mw'.

 [23] (Qualificacao_Lucas_Argentim.mw)

\openout3 = `Qualificacao_Lucas_Argentim.mw'.

Package babel Info: Redefining portuges shorthand "|
(babel)             in language  on input line 270.
Package babel Info: Redefining portuges shorthand "|
(babel)             in language  on input line 319.
Package babel Info: Redefining portuges shorthand "|
(babel)             in language  on input line 319.
\openout3 = `Qualificacao_Lucas_Argentim.mw'.

 [24]
(Qualificacao_Lucas_Argentim.mw)

\openout3 = `Qualificacao_Lucas_Argentim.mw'.

Package babel Info: Redefining portuges shorthand "|
(babel)             in language  on input line 319.
Package babel Info: Redefining portuges shorthand "|
(babel)             in language  on input line 326.
Package babel Info: Redefining portuges shorthand "|
(babel)             in language  on input line 326.
\openout3 = `Qualificacao_Lucas_Argentim.mw'.

 [25] (Qualificacao_Lucas_Argentim.mw)

\openout3 = `Qualificacao_Lucas_Argentim.mw'.

Package babel Info: Redefining portuges shorthand "|
(babel)             in language  on input line 326.
Package babel Info: Redefining portuges shorthand "|
(babel)             in language  on input line 341.
Package babel Info: Redefining portuges shorthand "|
(babel)             in language  on input line 341.
\openout3 = `Qualificacao_Lucas_Argentim.mw'.

 [26]
(Qualificacao_Lucas_Argentim.mw)

\openout3 = `Qualificacao_Lucas_Argentim.mw'.

Package babel Info: Redefining portuges shorthand "|
(babel)             in language  on input line 341.

No file Qualificacao_Lucas_Argentim.bbl.
Package babel Info: Redefining portuges shorthand "|
(babel)             in language  on input line 343.
\openout3 = `Qualificacao_Lucas_Argentim.idx'.

No file Qualificacao_Lucas_Argentim.ind.

Package imakeidx Warning: Remember to run (pdf)latex again after calling
(imakeidx)                `texindy Qualificacao_Lucas_Argentim.idx'.

Package atveryend Info: Empty hook `BeforeClearDocument' on input line 345.
Package atveryend Info: Empty hook `AfterLastShipout' on input line 345.
(Qualificacao_Lucas_Argentim.aux
\openout3 = `Qualificacao_Lucas_Argentim.mw'.

\openout3 = `Qualificacao_Lucas_Argentim.mw'.

\openout3 = `Qualificacao_Lucas_Argentim.mw'.

\openout3 = `Qualificacao_Lucas_Argentim.mw'.

\openout3 = `Qualificacao_Lucas_Argentim.mw'.

\openout3 = `Qualificacao_Lucas_Argentim.mw'.

\openout3 = `Qualificacao_Lucas_Argentim.mw'.

\openout3 = `Qualificacao_Lucas_Argentim.mw'.

\openout3 = `Qualificacao_Lucas_Argentim.mw'.

\openout3 = `Qualificacao_Lucas_Argentim.mw'.

\openout3 = `Qualificacao_Lucas_Argentim.mw'.

\openout3 = `Qualificacao_Lucas_Argentim.mw'.

\openout3 = `Qualificacao_Lucas_Argentim.mw'.

\openout3 = `Qualificacao_Lucas_Argentim.mw'.

\openout3 = `Qualificacao_Lucas_Argentim.mw'.

\openout3 = `Qualificacao_Lucas_Argentim.mw'.

\openout3 = `Qualificacao_Lucas_Argentim.mw'.

\openout3 = `Qualificacao_Lucas_Argentim.mw'.

\openout3 = `Qualificacao_Lucas_Argentim.mw'.

\openout3 = `Qualificacao_Lucas_Argentim.mw'.

\openout3 = `Qualificacao_Lucas_Argentim.mw'.

\openout3 = `Qualificacao_Lucas_Argentim.mw'.

\openout3 = `Qualificacao_Lucas_Argentim.mw'.

\openout3 = `Qualificacao_Lucas_Argentim.mw'.

\openout3 = `Qualificacao_Lucas_Argentim.mw'.

\openout3 = `Qualificacao_Lucas_Argentim.mw'.

\openout3 = `Qualificacao_Lucas_Argentim.mw'.

\openout3 = `Qualificacao_Lucas_Argentim.mw'.

\openout3 = `Qualificacao_Lucas_Argentim.mw'.

\openout3 = `Qualificacao_Lucas_Argentim.mw'.

\openout3 = `Qualificacao_Lucas_Argentim.mw'.

\openout3 = `Qualificacao_Lucas_Argentim.mw'.

\openout3 = `Qualificacao_Lucas_Argentim.mw'.

\openout3 = `Qualificacao_Lucas_Argentim.mw'.

\openout3 = `Qualificacao_Lucas_Argentim.mw'.

\openout3 = `Qualificacao_Lucas_Argentim.mw'.

\openout3 = `Qualificacao_Lucas_Argentim.mw'.

)
Package atveryend Info: Executing hook `AtVeryEndDocument' on input line 345.
Package atveryend Info: Executing hook `AtEndAfterFileList' on input line 345.
\openout3 = `Qualificacao_Lucas_Argentim.out'.



Package rerunfilecheck Warning: File `Qualificacao_Lucas_Argentim.out' has chan
ged.
(rerunfilecheck)                Rerun to get outlines right
(rerunfilecheck)                or use package `bookmark'.

Package rerunfilecheck Info: Checksums for `Qualificacao_Lucas_Argentim.out':
(rerunfilecheck)             Before: 31673F7640D966E35039401D1D1792BE;922
(rerunfilecheck)             After:  A507EDA3C469C2DCAEF731945388D85D;922.

LaTeX Warning: There were undefined references.

Package atveryend Info: Empty hook `AtVeryVeryEnd' on input line 345.
\openout3 = `Qualificacao_Lucas_Argentim.acn'.

\openout3 = `Qualificacao_Lucas_Argentim.slo'.

\openout3 = `Qualificacao_Lucas_Argentim.lof'.

\openout3 = `Qualificacao_Lucas_Argentim.lot'.

\openout3 = `Qualificacao_Lucas_Argentim.loa'.

\openout3 = `Qualificacao_Lucas_Argentim.toc'.

 )
(\end occurred inside a group at level 2)

### simple group (level 2) entered at line 1061 ({)
### semi simple group (level 1) entered at line 91 (\begingroup)
### bottom level 
Here is how much of TeX's memory you used:
 26108 strings out of 493333
 463843 string characters out of 3128407
 624708 words of memory out of 3000000
 29094 multiletter control sequences out of 15000+200000
 29245 words of font info for 35 fonts, out of 3000000 for 9000
 1141 hyphenation exceptions out of 8191
 52i,12n,45p,10410b,19293s stack positions out of 5000i,500n,10000p,200000b,50000s
{C:/Users/212396147/AppData/Local/Programs/MiKTeX 2.9/fonts/enc
/dvips/base/8r.enc}<C:/Users/212396147/AppData/Local/Programs/MiKTeX 2.9/fonts/
type1/urw/times/utmb8a.pfb><C:/Users/212396147/AppData/Local/Programs/MiKTeX 2.
9/fonts/type1/urw/times/utmr8a.pfb><C:/Users/212396147/AppData/Local/Programs/M
iKTeX 2.9/fonts/type1/urw/times/utmri8a.pfb>
Output written on Qualificacao_Lucas_Argentim.pdf (28 pages, 456371 bytes).
PDF statistics:
 237 PDF objects out of 1000 (max. 8388607)
 46 named destinations out of 1000 (max. 500000)
 141 words of extra memory for PDF output out of 10000 (max. 10000000)

